123456789
12345678
11111111
dearbook
00000000
123123123
1234567890
88888888
123456
111111111
147258369
987654321
1111111111
66666666
aaaaaaaa
11223344
12345
789456123
31415926
password
iloveyou
87654321
000000000
qwertyuiop
0000000000
12344321
0123456789
xiazhili
qqqqqqqq
asdfghjkl
123654789
12121212
110110110
12341234
123321123
qazwsxedc
22222222
123456123
a123456789
999999999
123456123456
asdasdasd
99999999
741852963
520520520
qwertyui
963852741
asdfasdf
33333333
55555555
DEARBOOK
147852369
qweasdzxc
77777777
11112222
111222333
1123581321
123698745
521521521
zzzzzzzz
a12345678
5845201314
woaiwojia
qq123456
11235813
qweqweqwe
11111111111111111111
321321321
q123456789
123456987
asdfghjk
xiaoxiao
05962514787
0987654321
12345600
5201314520
yangyang
12301230
1122334455
1234554321
10101010
aa123456
123456654321
abc123456
123123
123456789a
12345679
12345612
woshishui
12369874
20082008
wwwwwwww
dearbook123
25257758
100200300
9876543210
jingjing
1357924680
321654987
1233211234567
buzhidao
299792458
44444444
369258147
lilylily
wojiushiwo
w123456789
wocaonima
135792468
5845211314
sunshine
111111
369369369
ffffffff
888888888
woainima
tiantian
computer
20080808
12345678910
8888888888
112233445566
zhang123
ssssssss
goodluck
qwerasdf
147896325
csdncsdn
52013145201314
20102010
yuanyuan
789789789
168168168
12345678a
13141314
110120119
66668888
007007007
123789456
zhangwei
superman
a5201314
q12345678
wodemima
woaini123
wangjian
123321123321
13145200
z123456789
dddddddd
abcdefgh
shanghai
7894561230
584131421
wangjing
11111
1234
19491001
12312312
dongdong
zhanglei
qq12345678
zxczxczxc
20092009
123321
00001111
12348765
aaaaaaaaa
456456456
000000
77585210
01020304
1234512345
helloworld
123456qq
asd123456
666666666
a11111111
01234567
shanshan
xxxxxxxx
aaaaaaaaaa
74108520
tingting
5841314520
77585217758521
110119120
chenchen
123123123123
19841020
14789632
qaz123456
3141592653
01010101
21212121
xiaolong
88771024
19881010
1234567890123
19871024
77585211
mingming
wangyang
1314
zhangjie
23456789
23232323
19841010
12345687
012345678
123456000
123454321
qq123456789
aa12345678
10203040
19871020
19871010
123456789q
l123456789
wangpeng
987456321
13131313
zhanghao
li123456
s123456789
zhangjian
Dearbook
xingxing
88982866
longlong
123123456
52013141314
a1234567
7758521521
19861020
xiaofeng
00000000000000000000
19881011
19871025
518518518
123456798
123456aa
1234567899
333333333
584131420
19850603
25251325
meiyoumima
456789123
19881020
com123456
5201314
19881212
19881225
w12345678
c123456789
258258258
88889999
77889900
19881120
qazqazqaz
xiaoqiang
zhangyan
justdoit
52013140
16897168
12365478
110120130
19861015
wangwang
worinima
x123456789
11110000
19841028
1314520520
huanhuan
19841012
19861012
wangchao
19871023
19881015
45612300
nicholas
zhangjing
19881028
woailaopo
19841205
19890306
911911911
19881023
55667788
newhappy
19861023
19871987
y123456789
miaomiao
19871225
19851010
19881123
liu123456
lingling
19881125
19881022
19871015
120120120
zhangjun
dearbook1
19871011
00123456
19851019
liangliang
19881218
19861210
19871016
19881220
1223334444
b123456789
aaa123456
00000
19871022
19890309
e123456789
19861001
12332100
19861010
19861018
66778899
imissyou
yingying
19881024
19871028
19861016
19871212
abc12345678
3141592654
qazxswedc
13572468
19861220
19881018
19881013
78787878
19881118
19861123
11111111111
qqqqqqqqqq
19881025
19881030
19871021
19881128
123456789.
123456789123
19851125
19871125
qwe123456
wang123456
hahahaha
administrator
aa123456789
456123789
1029384756
19881210
19871012
19881001
19871218
19871013
19841025
19861212
asasasas
5555555555
12131415
19871228
19881014
19871121
5841314521
1231512315
19871027
19871001
19841001
19871214
mmmmmmmm
zhanghui
314159265
19871122
19871120
12312300
19881129
19861215
12300000
19861216
19841015
fangfang
19851212
123581321
19891225
84131421
19881228
123456abc
19871017
19841018
19871210
as123456
zhongguo
19861026
19871221
zhangxin
789654123
d123456789
19881026
19881017
lovelove
llllllll
159159159
19860202
19861021
19871123
microsoft
qqqqqqqqq
555555555
chenjian
19861228
19881127
19870623
19861214
19881122
19881029
19861028
19881226
z12345678
5201314123
zhangyang
147147147
119119119
19841024
19861011
19851023
internet
dearbook520
584201314
963258741
19891010
654321
19841013
19861022
19861218
19871211
16899168
56565656
handsome
13145201314520
19841026
19871126
19871026
19881112
19861126
19871128
19891001
19851120
98765432
19871029
19870214
19861111
19881027
19870825
19881016
19841019
19870815
19851230
99998888
159753123
6666666666
qwqwqwqw
qianqian
19871213
19871127
19861128
19881116
jiaojiao
13579
19861013
19851025
19841014
19881021
19891016
19841023
19861025
19881211
123456456
h123456789
19881005
19841017
19871203
19881213
134679852
123456780
19851020
98989898
19871019
19861112
19861225
19891023
19891011
r123456789
141592653
112112112
88888
zhangtao
mengmeng
19890101
19881002
19821010
19880808
222222222
301415926
369852147
dingding
1415926535
zhimakaimen
58585858
19870923
19881110
19871215
19861986
19871129
kkkkkkkk
1212121212
19871226
19851013
19881215
19881012
19881115
19851218
19831220
tzwadmin
huang123
wobuzhidao
19851205
19861203
19871216
19891215
19841011
001001001
woainiwoaini
wangying
qingqing
19861030
19871118
19881006
19851214
19871002
19841027
19870909
19891024
19861213
89898989
19861124
12345678q
A123456789
112233
pppppppp
wang1234
19870626
12345611
19881126
12332112
19880101
19851016
51201314
18181818
00112233
wanggang
19891120
19881121
19861121
19861019
woshitiancai
121121121
q5201314
jjjjjjjj
wangdong
19861122
19861223
19871005
19831010
19871030
19861027
11111112
74107410
19870101
19871223
19871014
19881224
159357159357
abcd123456
5201314a
2008
xiaoyang
11221122
19891020
19830209
19851012
19881217
19861017
19881208
19871206
9999999999
100100100
zhangbin
123456789w
o123456789
19861211
19871217
19881103
19891028
19861002
19871220
19861125
love123456
19881214
19871104
19891015
12356789
88886666
19871115
19861224
19821982
19841984
19860214
19851030
19841022
19881988
testtest
cccccccc
hhhhhhhh
a1314520
789632145
123698741
123456321
........
19891025
19861014
19861103
19891216
19881201
19851216
19871103
19861024
jiangnan
ab123456
19871111
19851210
19821024
19871018
19861226
19891228
19881111
19871208
19891021
dearbook123456
f123456789
19881124
19861206
19861113
19831001
19871108
19880828
19871201
19891124
777888999
zxcvbnm123
19891012
19881008
19891019
19881101
19851018
19841021
19870620
19860101
19851121
19821016
19881114
19871117
19851028
1234567
woshishei
5200251314
520131400
19871102
19891026
19861129
19881117
tsinghua
yyyyyyyy
19871124
19891226
19871105
19841123
19821120
19881003
19881216
19891013
19870628
19870201
55665566
19851015
19861120
19841007
19870921
19881221
12345689
wsx123456
19881004
19881107
19851011
19861127
19831020
19870912
19851001
19851225
19851224
a123123123
dearbook2
zhangpeng
123654123
abc123456789
19891123
12345671
19851111
19861029
19871006
19841029
19841120
19871227
19851123
19871204
19860713
19881202
68686868
19870621
19871112
yy123456
123456788
xiaoming
19881227
19861119
19870625
19881019
19841122
19871109
19870125
19880202
windowsxp
a00000000
dearbook1234
wangyong
chinaren
777777777
159357123
zxcasdqwe
woaiwoziji
19861106
19871229
19871222
19861229
19871224
09876543
19861110
19870310
19841016
19861201
12345677
19851229
19821128
19870917
19841002
19881219
520520
AAAAAAAA
zx123456
t123456789
wangfeng
woshizhu
123321456
123654987
19880214
19860126
19821012
19891212
19821221
19881119
19871114
19871207
19851022
19891029
96385274
wangmeng
gggggggg
111111111111
666666
19861118
19880211
19841006
19870604
19861008
19821025
19831124
19891101
19851122
13324016206
liuqiang
oooooooo
7708801314520
wangliang
zz123456
123654
741258963
19861115
19891221
19871209
19881113
19881109
19831120
14141414
19851026
19861108
19870914
19870606
19851124
19870102
19890214
123456789@
qwertyuio
2010
19861202
19881102
19871004
19821028
85208520
19861104
19891030
19891017
19870202
19831025
19810914
19891022
19841125
m123456789
poiuytrewq
huangwei
333666999
19880915
19891103
19861105
19890122
19851217
19880125
19851024
19870708
19851116
19870919
19881223
19851220
19891129
20052005
19890205
19860916
19880311
11111111a
19891989
19831015
19891213
19871205
19861209
19891027
19861205
19871110
19870629
52001314
19870928
19870821
19881108
19871101
19851211
19821023
19890312
19880123
zhangliang
31415926535
12345654321
zxcvbnma
wangzhen
159357
19891002
19861208
19870915
19880921
19851113
19821018
19870818
13141516
19880108
19880102
09090909
19861219
19891018
jiangwei
tangtang
1234567891
q11111111
haohaoxuexi
xiaojing
xiaodong
19891220
19871116
19841210
19890201
19870808
19841126
19891230
19841003
19891127
19831012
19861227
9638527410
7758521520
12345678900
chen123456
zhang520
19860917
19870608
19851226
19851017
19821001
19861006
19881007
55556666
19881229
19841212
19870216
19870210
19861230
001002003
abcd1234
159753159753
ly123456
pingping
rongrong
fengfeng
operation
123
19891224
19841108
13149286
19871008
19871007
19870819
19870228
19881204
19890818
19870824
99887766
19851118
19870811
19891118
19891121
19861217
19851112
19851102
2009
159357456
zxcvbnmzxcvbnm
jianjian
love1234
123456789123456789
19831129
19890303
19880928
19891116
19870823
19891201
19880809
19890927
19870926
19870616
19870927
19890323
19880126
19841127
19861102
19831118
19861117
chenchao
200401265
wang1314
zhangchao
csdn123456
qq5201314
19831011
19850101
19881206
19870225
19880206
19860909
19861221
19870828
19891104
19880606
19870911
19890206
19890301
19880312
65432100
l12345678
2222222222
j123456789
QWERTYUIOP
kingking
55555
19870801
19841005
19880517
10002000
78963214
19831027
19860125
19851213
19821122
19841220
19891102
19860128
19870810
19861109
19831024
125125125
100200100200
woaimama
feixiang
msconfig
huangjie
zhangzhang
19851128
19851115
19841030
19891006
19880223
19891119
19891218
19880611
19851221
19870814
19851127
19851101
19820814
19851029
19871119
19861222
19870209
19880204
19880128
19870701
19851105
19851126
19831212
19881106
10000000
19891122
www123456
192837465
download
qawsedrf
s12345678
woaini
yu123456
19891009
19831106
19831013
19880909
19831224
19890228
19851021
19870120
19861005
19821116
19860210
19860923
19870627
10241024
19831983
14159265
19831026
19831226
19871003
19831125
19891113
19861101
zhanglin
wanghuan
g123456789
yangguang
123456789z
pengpeng
19831213
19871219
83869247
19851223
19891014
19841226
19821208
19831105
19870130
19860927
19870916
19880120
19870618
19871009
19851204
19861003
19890909
19890120
19841111
20090909
19861207
19890103
19841228
19821020
19851215
19851228
19870619
19841225
19851219
19880124
888888
zhang123456
52113145211314
stefanie
wangning
19881130
19871202
19870615
19880310
19891106
19870925
19880916
19890215
19870305
31496081
19831218
19831111
19870624
19821213
19891105
19860902
19880816
19831122
19881209
19841121
20082009
19880218
19870129
19880302
19870901
19831023
19851227
19831016
qq11111111
54321
zhangkai
asdfzxcv
bingbing
19870203
19870208
20202020
19860103
19891130
19891207
12345688
19870205
19881222
19821212
19851985
19870128
19861107
19890124
19880118
19881231
19870603
19880901
19851104
p123456789
babamama
*********
19880920
90909090
19870617
19871106
19880601
19821026
19880428
19890920
19821224
19851027
19880510
19870929
19870206
19891223
19870913
19880203
19890912
nishizhu
zhouzhou
yangjing
wangqiang
584211314
c12345678
amuqdedwft
19891210
19870122
19890213
19850102
19860102
19891128
53231323
19831211
19890106
19860315
19880929
19890806
19880105
19841004
19870822
01230123
19881203
19891112
19870611
19861009
19870212
19851005
19890110
19880815
abcabcabc
zhangying
jiang123
zy123456
qw123456
qwerqwer
xuanxuan
19821123
19890826
19890126
19870217
19890808
19860212
00000001
19891205
19891219
19870601
19891229
19880820
19891115
19891211
19870220
woaini520
147258
zhangqiang
19891008
37213721
19870807
19890204
19851006
19821030
19870316
19870412
19891227
19890314
19860921
19870123
19870903
19831101
19870827
19880215
x12345678
yangchao
supervisor
woshishen
bugaosuni
19890916
19880212
19851208
19870520
19841221
19870213
25252525
19880926
19851107
19880608
19860911
19821022
19870904
19841219
19880523
19851002
19891206
7215217758991
xiaogang
zhangrui
wangming
yangjian
chenliang
zhangqian
wangshuai
000123456
k123456789
a7758521
dearbook1314
123456..
19860814
19891004
19831215
19851222
19890129
19891110
19831007
19821015
19881105
19870707
19880911
19880303
19830920
19870303
19870211
19891125
19870110
19851129
19880217
19860816
19851003
19870907
13145210
xiaojian
fighting
qingfeng
chaochao
ASDFGHJKL
mm123456
songguang
nishishui
yang123456
zhenzhen
wangxiao
howareyou
zxc123456
19831014
19870207
19880201
19861004
19821021
19821207
19870320
19870312
19870715
19841119
19890415
19890211
19831018
19890203
19870924
19831112
19870622
19831230
19880925
19850923
19880209
19901025
19841203
19851106
19890825
19851110
19891109
19860926
19851008
19880922
19851014
19831028
201314
456852456852
201314201314
PASSWORD
1987
chenlong
tongtong
guaiguai
19891208
19841215
19860228
19891231
19870918
19861116
19821215
19870610
19841217
19820101
19840101
19880912
19881009
19861204
19880923
19880622
19880913
19821008
19870802
19870103
19821230
19880927
95279527
19831102
19841229
19851114
ww123456
zhang1234
100200
zhoujian
zhangjin
tttttttt
y12345678
caonimabi
liang123
10000
19880216
19890102
19880910
19860203
19811025
19870215
19870906
19831126
19841208
19831227
05413330
19881205
19880520
19821118
19871230
19831225
19870411
19831210
19891202
19841224
19821225
19821129
19870609
19881104
19831221
chen1234
i123456789
abc12345
zhangfan
chenfeng
jianqiao
ILOVEYOU
zhangming
zzzzzzzzz
12345678qq
maidoumaidou
19841124
19870301
19870612
19870725
19871113
19831219
19880603
12345670
19890216
19891108
19870922
19880918
19831021
19870605
19841103
19880207
19841116
19890923
19891003
19870218
19890316
19851201
19831022
19841204
19880226
19880919
19880103
19870529
19999999
19891204
19821014
19831008
19841218
19880512
19880210
19860924
19831214
zhangyong
dearbook3
asd12345678
zhangyue
chenyang
zhangmin
adgjmptw
19880618
19821121
19831206
19870505
19870328
19901010
19831003
19880712
19880219
19891007
19880801
19870325
19870908
19821017
19880508
19841113
19890828
19870614
19880610
19841223
19821019
19850105
19821013
19880115
19870727
52013141
19831029
li12345678
lin123456
b12345678
q1234567
chenjing
csdn1234
19861114
19891114
19890116
19880220
19851103
19860925
19890209
19870522
19890910
19890202
19821216
19870121
19870521
19870127
19890218
19821002
19821218
19891217
19870318
19870905
19840925
19870602
19880307
19870820
19891209
19831201
19870124
19890123
19880818
cc123456
1234567a
5211314521
e12345678
ll123456
tiankong
aabbccdd
songsong
zxcvbnmm
1988
12345678w
19821220
19870829
19880803
25802580
19851007
20062006
19890901
19851117
19871107
19880205
19860929
19850909
19841104
19831006
19891126
19840921
19870324
19880313
19880628
19870503
19881207
19890508
19831121
19861007
19841102
19880708
19870221
19880501
19881031
19880420
19880814
19870830
19860314
19890618
19890811
19831128
abcd1314
1472583690
1357913579
butterfly
131452000
sun123456
19831123
19841101
19870705
19890919
19901023
19841213
19880301
19891005
19821210
19851109
19841009
19880613
12345666
19821027
19890310
19831202
19871231
19870306
19880229
19860906
19870107
19860310
36363636
00009999
19890921
dearbook12
asdffdsa
bbbbbbbb
dongfang
dearbook521
love1314
wonderful
weiweiwei
w5201314
541881452
jiushiaini
zxzxzxzx
jisuanji
159753
1989
19891214
19880805
19870504
19880305
19840120
12346789
19880806
19860820
19851231
22334455
19880415
19831208
19880326
19841206
19860216
19880309
19890125
19870826
19870920
19831216
19880227
19890801
19880516
19890212
19870813
19870728
19811017
19880319
19860823
19890929
19890816
19840204
19880701
juanjuan
wangchen
987412365
zhangfeng
19890620
19890925
19821126
19880228
19890130
19880905
19831204
19870613
19891111
19870525
19821029
80066368
19870421
19811028
19840203
19850911
19870319
19870204
19821226
19860217
19831103
19880518
19840102
qaz12345678
qazwsx123
0147258369
1213141516
1314520
jiangtao
wangyuan
kangkang
zhanghua
lxqqqqqq
10086
xx123456
147896321
aa5201314
19870302
19870723
19890623
12345789
19811010
19860912
19890319
19890915
19870607
19901020
19880829
19821006
19890812
19890612
19880917
19841230
19890112
19860104
19880612
19890701
19870805
19890119
19841008
27105821
19841216
19890501
19880412
19850927
12332111
19890329
19890613
19851119
19890624
19870719
19870716
19880822
19880411
19880402
19880320
19841214
123456asd
12315
zhouyang
workhard
123456li
1010101010
chengcheng
a5211314
159753456
19860810
19821104
19831205
19890628
19830915
19811026
19831108
19890114
19880221
19870106
19870523
19890210
19860215
19841211
19880617
19870418
19880318
16888888
19890928
19851209
19891203
19870112
22223333
19801980
19890710
19860523
19890520
11223300
19841128
19890504
19860822
19860312
thankyou
wangqing
zaqxswcde
happy123
adminadmin
5205201314
1111122222
123456654
wanglong
xiaofang
wangting
zhaoyang
19851108
19870118
19870530
19841105
19890821
19890320
19890302
19870712
19860920
19880127
19870402
19841107
19870524
19890815
19880714
19841129
19880813
19860619
19831203
21345678
19870526
19890115
19841209
19870902
19860410
xiaoxiong
cndkervip
7758521123
123456789987654321
yangyong
football
963963963
000111222
qwer123456
123456789_
19851203
19890107
19860725
19890503
19880817
19870222
19840214
19880722
19880224
19870729
19860512
19860623
19831217
19870313
19880314
19880902
19860213
19870304
19860806
19880607
19831009
19840823
19890104
19860901
19880104
19890803
19860919
19890724
19821219
19870315
20012001
19841110
19821115
19890616
19890324
19870713
19870804
19891117
19880724
xiangxiang
d12345678
qweasd123
wangqian
wo123456
123123321
19860303
19880602
19860505
19821111
19890207
19870105
19821112
19860625
11111122
19850412
19901012
19880325
19821011
19880924
19890817
19880225
19870816
19870910
19830214
19890412
19880914
19841115
19870419
19841130
19880316
11211121
19890924
19830928
19850215
33445566
19831114
19860211
19880605
19841227
19890219
19821211
19860219
19870416
19860208
19821222
19880129
19860815
19880208
19841118
19890315
19860118
19880711
19821228
19880710
aa11111111
asdfqwer
xiaotian
liuchang
westlife
foreverlove
lkjhgfdsa
woaini123456
0054444944
yang1234
159357258
130130130
741236985
19870806
19890722
19880709
19870703
19870404
19880720
19890829
19860615
19870219
20022002
19880609
19870226
19870511
19880621
52013145
19841112
19890220
19860813
19890823
19870108
19890926
19860226
19870817
19880721
19870114
19840129
19880707
11231123
19860520
19880324
19860123
19880715
19821106
19871130
19870702
19870410
19880728
19880119
19821007
19850124
19860605
19890606
19860719
19860220
19880418
19851004
wei123456
123456qaz
zhangnan
yongyuan
xiaoying
jiangjun
12345678.
ok123456
asdf123456
admin123
zj123456
77585211314
abc5201314
789123456
19901018
19821205
19880306
19811016
19871031
19840211
19890707
19870329
19880213
19880906
19860106
19890307
19811013
19821204
19870109
19831110
19890601
19870714
19870721
19880819
19860601
19880811
19860116
19870113
19880504
19870326
19850928
19870126
19880405
19870322
19840801
19880826
19880629
19850922
19860904
52105210
77582588
19820823
77778888
19890820
11001100
19890127
19880421
19861231
19851202
yongheng
womendeai
QAZWSXEDC
XIAZHILI
zl123456
8008208820
hhxxttxs
ningning
chenzhen
zhanglong
12342234
19870724
19901016
19830202
19880625
19850924
19860305
19890108
19850129
19860724
19880904
19870803
19880321
19880827
19860913
19880419
19890128
19850214
19830623
19880802
19880511
19860812
19831228
19840929
19860318
19821119
19880106
19870311
19890105
19880327
19860304
19831223
19870722
19890222
19870518
19860416
19890425
19890502
19840926
19860824
19830814
19881230
lj123456
xiaoliang
woxiangni
dearbook0
h12345678
19860205
19820911
19830926
19821109
19860506
19880908
19870710
19880506
19890525
19880615
19801020
19850711
19890607
19831113
19880702
19860218
15151515
19850914
19860602
19860306
19890715
19890327
19880114
19890511
19860120
19811001
19880723
19870223
19870809
19870309
19890510
19820812
19870501
19831107
19831005
19860223
19811022
19860105
19860626
19860802
19890313
19831127
19840210
987987987
QQQQQQQQ
hellohello
n123456789
28845452884545
zhonghua
wangping
zhaojing
einstein
qazxcvbnm
110110
123456789l
r12345678
19870307
19890505
19811128
77887788
19870423
19811204
19850809
19861031
19890413
19880329
19860825
19890121
19870502
19860329
19821005
19901208
19850908
19870408
19860527
19850925
19860918
19880627
19890713
19830925
19901210
19870509
19821201
19841109
19890321
19870516
19880616
19851009
20042004
21876346
19891107
19860808
software
mingtian
zhang1314
zhangzhen
whoareyou
521521
zh123456
13801001020
7777777777
19830218
19850926
19850109
19870323
19830124
19880907
19860826
19890117
19890521
19880526
19870510
22446688
54181452
19821103
19880604
19850917
45454545
19890109
19880713
19890827
19860708
19821124
19880823
19820808
19870104
19860204
19880315
19880527
19880117
19840906
19890914
19870427
19840216
19811212
19870726
19840928
19821101
19801225
19890304
19880425
19850410
19880730
19841201
12300123
19870415
19890712
19860829
19860606
19860401
19880525
19840601
19841207
19830205
19821102
19880407
04020323
19880109
19850825
chen1314
diandian
jiushiwo
zxcvzxcv
happyday
zhaozhao
wu123456
nishiwode
woshiniba
123456789s
w11111111
shuaishuai
xixihaha
mimamima
19860317
19850121
19870119
19890311
19870414
19820828
19860320
19880122
19840909
19830923
19891031
19860521
19860522
19880804
19890629
19831209
19831115
19860818
19850123
19880406
19831207
19860805
19901122
19850115
19890918
19821130
19880304
19860114
19830612
19880830
19880110
19860124
19890705
19890615
19840902
19901022
19860415
19890605
19820909
19840808
19880725
19890506
19880330
19821117
19860325
19890524
19831117
19870513
19820115
qazxsw123
521224727
147852963
512512512
woaini1234
A12345678
qq1234567
huanglei
chenming
passport
paradise
zhendeaini
huangjian
beautiful
wangcheng
13800138000
12345678aa
19860821
19890308
19890420
19901021
19850820
19870420
19890725
19890604
19880427
19811129
19811015
19880620
19840201
19851206
19821217
19870720
19890902
19850120
19821105
19880107
19850110
19880505
19830418
19811024
19880810
19870227
19900505
19840310
19890208
19860302
19890603
19831004
19840815
19890824
19890224
19880812
19901015
10231023
19890111
19850918
19860518
19880502
19860327
19850910
19870409
19870706
88488848
19890922
xu123456
198019803014166
315315315
csdn1314
wy123456
slamdunk
huanghao
89757
zhanghong
li123456789
19860628
19830913
19890621
19850929
86868686
19890517
19880717
19890226
19811108
19890526
19851207
19870428
19811981
19831019
19840923
19870116
19860420
19850303
19840303
19850920
19901225
19831116
19830215
19820318
19880614
19890322
19870517
19850212
19890305
19860607
19850510
19890404
34416912
19860115
19860914
19890318
69696969
19830624
19870812
19860715
19811018
19831229
19850608
987654123
132465798
999888777
142536789
163163163
tiantang
qqqqwwww
thinkpad
wokaonima
com12345678
12345678z
1986
123456789c
o12345678
as12345678
19860209
19840924
19820620
19850828
19840311
19840904
19880529
19870314
19890626
44556677
19890813
19860728
19811029
19860326
19880726
19840205
19870512
19860712
19880130
19811216
19890223
19890410
19840822
19860311
19850623
19850912
32323232
19860206
19840315
19890416
19880716
19890227
19821231
19870417
19891222
19880626
19880528
19890814
51515151
19840713
19900110
19850808
19890905
19830916
19880624
19890913
xiaoqing
9876543211
112358
wj123456
110112119
175638080
147369258
cheng123
zzzzzzzzzz
hu123456
ss123456
z5201314
wangfang
qazwsxed
tomorrow
zhangkun
ASDASDASD
19890822
19860701
19890325
19880503
19820124
19860122
19830815
19821127
19901017
19850104
19880401
19860915
19890830
51211314
19890711
19860319
19850626
19830929
20032003
19860129
19860910
19880719
19830513
19860801
19820203
20072007
19880408
19820214
19870711
19811125
19880807
19811011
13143344
19890225
19840106
19860720
19850622
19831030
19850310
19840218
19840816
19870327
19811115
19880515
19821214
19820921
19820918
19890221
19890723
19840712
19880903
19831017
19850815
19850826
dearbook4
775852100
134679258
qwert123
123456789x
f12345678
cs123456
dearbook11
qingtian
huangtao
99999
13579246810
19811020
19890426
19901027
19850823
19880112
20100101
19890512
19890423
19840820
19870519
19880718
16899199
19880729
19900113
19820930
19811225
19850723
19820912
19840807
19820413
19860903
19860722
19890317
19820818
19850502
19890516
19820809
19811021
19830101
19890405
19841117
19890819
19840908
19850921
19860402
19860620
19890728
19860324
19901030
19880121
19850905
19870424
19850126
19850822
19860201
19880821
19890118
19850202
19880113
19890802
19901220
19840829
19850320
19840302
19880426
19820618
woshinidie
qwer1234
5201314000
20000
123456781
312312312
101101101
chendong
chengang
woshiren
okokokok
wang2008
wangxiang
caonimama
haohaohao
zhangshuai
xy123456
19860127
19890611
19880222
79797979
19851130
19870630
19870422
19850107
19901013
19901218
19870413
19880825
20000000
96321478
19900201
19860721
19860117
19890619
19880308
19840728
19850707
19860113
19890113
19801123
19860809
19880417
19840312
19820302
19890421
19850919
19860811
19820816
19880423
19831130
80238023
19880824
19830313
19850415
19850420
80808080
19870111
19901011
19850614
19860422
19890625
19831119
19840920
19860624
19841106
19811121
19890906
19860405
19850720
19880317
woshihaoren
windows123
asd123456789
7410852963
3333333333
526546543
654654654
michelle
chenpeng
xiaohong
rilidongl
zhangyuan
catherine
142857142857
123456789000
314159314159
000000000000
aaaaaaaaaaaaaaaaaaaa
kobebryant
huanghuang
********
zhang521
19890519
19801212
19890719
19880116
19880513
19831031
19870515
19860411
19860610
19840115
19850726
19860621
19870224
19811019
19850529
12345698
19830310
19880524
19900206
19820502
19880705
20090101
19850103
19890904
19860108
19820626
19890523
19830725
19840404
19821202
19850625
19870717
19850727
19821009
19860616
19870718
19821203
19890702
15975300
19880328
19820902
19860608
19870406
19820928
19890709
19870308
19890418
19830629
19890729
78945612
19811023
19830922
19830201
19880111
19890401
19850821
19870131
19900101
19850601
19860504
19890708
19850211
08080808
19830302
19840918
19840124
19901125
19890422
19860603
12211221
abcdabcd
wohenhao
benjamin
chenxiao
yangming
123456com
mengxiang
asdf1234
1314521521
741741741
123456789y
woxihuanni
hellokitty
123456as
liu12345678
abc11111111
liuliang
happyboy
xiaopeng
zhangfei
19840723
19801220
19831109
19820923
19890326
19890716
19831002
19811218
19811210
19890610
19860907
19900520
19890622
19840202
10251025
19821125
19811124
10011001
19870528
19850116
19821004
19820905
19860414
19900512
19830505
19860908
19860513
19850721
19870405
19850724
19850302
19850913
19821031
19840207
19850220
19850525
19840305
19890726
19841202
19811012
19860613
52013144
11259375
19840725
12151215
19870321
16161616
19850114
19860406
19860710
19840119
19850624
jj123456
123000000
201201201
213213213
167669123
aaaaaaaa123
shevchenko
753951753951
654321654321
fdsafdsa
chenying
huangyan
honghong
uggsrock
caonimade
t12345678
19820208
19830521
26262626
19870704
19820917
19890408
19870401
19890805
19890807
12315309
19840227
19820216
19880424
19860417
19820701
19811213
19840105
19870527
19831222
19901211
19860408
19841222
19811112
19860928
19820913
19890907
19830921
19860514
19821229
19870506
19901224
19900504
19870317
19860309
19860612
19811008
19870425
19820619
19890328
19870403
44332211
19890403
19880530
19850824
19850701
19840915
19890513
19830327
19890704
19850807
19901002
19900125
19870429
19890917
19811104
58451201314
yang1314
aaa12345678
123456789b
jiangjiang
Q123456789
0102030405
520090025
liucheng
eladnbin
chenggong
7758521
19850206
19860426
19880522
19820102
19820315
19840911
19850301
19860717
19870709
19820826
19820316
15935700
19820926
19811027
19840213
19830601
19820822
19821003
19811014
12312345
19860501
19880422
19860321
19850219
19890908
19840209
19860830
19820219
19860711
19830102
19820210
66669999
19850328
19860308
19880507
19811127
19890518
19901212
19811123
19840606
19860109
19890409
19850325
14725836
19890602
19850312
19860819
19900227
19840910
19890810
19850618
19820915
19801012
19850128
19840123
123456789e
qaz123456789
bb123456
niaishui
xiaoyuer
gogogogo
xiaopang
shenzhen
wangbing
dangyuan
yangning
007008009
123456520
dlsenyong
1234560123
5201314789
5201314q
12300
m12345678
u123456789
19861130
19900214
12131213
19890714
19840523
19890217
19830510
19191919
19850504
19850106
19850210
19830219
19830210
19820807
19820827
19850224
19840104
19870508
19801014
19840811
19860804
19860110
46709394
19821114
19880831
31415927
19860707
19850509
19840828
19820304
19811221
19820914
87878787
19850827
19860718
19820408
19890911
19840824
19831231
19900104
19840110
19901120
19880404
19840821
19830820
19811215
19820114
19850506
19850806
19860922
19870115
19840410
19830220
19850903
19850902
19830106
19880323
19840612
19840526
aassddff
wanghong
juventus
dearboOK
qwe12345678
117117117
456852123
334205265
520123456
178678789
5418854188
1887415157
1314520123
gujinbiaoaa
woshinibaba
314159
112233112233
q1314520
19850725
19890428
19890411
19860307
19860503
19860510
19820423
19791228
19840219
19880410
19850216
19811102
19860107
19850805
19830126
19840326
19840818
19830203
19830105
19820103
19901230
19820606
19801226
19840225
19860322
99990000
19840217
19860706
19850801
19880403
19801208
19811223
19821209
19811103
19840226
19850621
19830901
19840809
19860412
19821223
19860629
19870117
10293847
19841114
19840825
19850326
19860817
19890718
19850125
19890727
19830726
19850201
19850207
19850606
19860419
19860627
19830919
19870330
12251225
19850127
21882188
19900801
19820104
19890720
19830801
19840220
19840420
19860828
19830211
19890608
19890507
xiaoyong
huangjun
congcong
xiaobing
ruanjian
guoliang
menghuan
123456789qq
qq123123
jiajiajia
74108520963
123456liu
wq123456
1314520a
135781012
250250250
zhu123456
remember
woainiya
qqwweerr
zhangcheng
zycggytkqb
yan123456
dirdirdir
wangbadan
dearbook2008
dearbook88
19901214
19850304
19850409
19901024
19901014
19820615
19880706
19890706
19900208
19840901
19820929
19850906
19860709
60729043
19880514
19880519
19840629
19830115
19840610
19860428
19840804
19880322
19840813
19781978
19850523
19860418
52113140
19820927
19830930
19830713
19820821
19771105
19860905
19890419
19870507
19830110
20002000
01233210
19850611
19820925
19880727
19860723
19840228
52525252
19791001
19840919
10221022
19880416
19900105
52571314
19820910
19841031
19801120
19840414
19860517
19801121
10201020
19811116
dearbook00
753951
77582587758258
ab12345678
qazwsxedcrfv
630158513
110120110
hao123456
123456aaa
5845131421
tianyuan
wushuang
chenyong
zhanshen
w1234567
zhangning
hy123456
wang2010
woaini521
QQ123456
china123
apple123
19830114
19830312
19850610
19860227
19840703
19870407
19840917
19830927
19840922
19830918
19811217
19820922
19850217
19830909
19840706
12481632
19850204
19820204
19801023
19850425
19860316
19840116
19830206
11118888
19900126
19850314
19850816
19860726
19860714
19820125
19830208
19830421
19830810
19830520
19801010
19840405
19860502
19870730
19890406
19890402
19880413
19860112
19850309
19801124
19830226
19870514
19850421
19840212
19830303
19840122
19840409
19890721
19850213
19840130
19880521
19840907
12365400
19860403
woaini1314
wang12345678
ws123456
00000000000
z11111111
951753951753
qqq123456
yangfeng
liuxiang
songyang
weblogic
jianghui
shangxin
qazhuang
dangerous
456789
0147896325
a88888888
19840613
19841231
19811228
38183818
19831104
19860705
19820118
19840314
19860611
19820919
19890804
19840229
19860614
19820720
19800101
19840912
19840126
19850628
19811130
19810928
19840221
19860529
19860207
19820201
19901028
19901105
19860508
19810918
19830910
19860421
19850916
19840522
19840304
60200946
19860301
19830109
19870426
19901029
19820120
19840913
19900824
19860526
52013148
19860716
65351656
19830315
19801213
19821227
19850218
j12345678
13093313856
00000000a
314159265358
456123456123
autoexec
woaiziji
huangxin
huanying
q123123123
zhangheng
alexander
aa1234567
123456789d
211314
iamthebest
123456qwe
12345677654321
123000123
1234509876
abcde123
lx123456
19811126
19840826
19830827
19850319
19840501
19900624
19901001
19880409
19801224
19840508
19801011
19850804
19900204
19820815
19830816
19840504
19820325
19840109
19850223
19840702
19890528
10121012
19820801
19840127
19900526
19900320
19820903
85811510
19830621
19860729
19860328
19830606
19810201
19840506
19850315
52101314
19840627
19890417
19860528
20091001
19850122
19840527
19830414
19900216
19860515
19830924
19830423
19801016
19840615
19840814
19850819
19850112
25897758
19850612
19811219
19820802
19830911
19860516
19830204
pp123456
huanghui
lavender
aaaassss
zhaojian
lingfeng
zhengwei
ma123456
huangjing
showmethe
xiaoxiang
maomaomao
q00000000
12345678@
wl123456
javascript
songaideng
woaibaobao
qwertasdfg
211314211314
110119110119
g12345678
123789
zheng123
dearbook8
wang2009
159951159
158158158
951753852
110220330
112233445
135135135
546546546
551648586
666888999
149162536
2582525775
1236547890
yy12345678
gaoxiang
youandme
zhoujing
gameover
zhangyao
xiaoqian
capslock
as123456789
wangzheng
19820410
19840817
19830306
19830127
19840329
19830721
19820422
19900107
19830515
19820520
19890407
19901990
19860702
19850712
19830512
19830917
19860119
19820209
19830718
19850422
19830213
19900118
19900525
19850406
19850419
19801130
19850708
19860424
19820813
19860604
85858585
19811206
19860525
19820721
19900215
19820119
19811109
19850513
19850317
19850901
19830914
19830307
19900116
19900310
19840324
19820425
19860511
19900817
19850613
19840605
19850616
19900220
19811122
19860727
19821107
19900108
19811226
19820320
19830714
19850307
19820906
19820312
19890717
19830907
19840810
1985
liujianliu
changjiang
mamawoaini
5211314
abcd2008
123456ab
dearbook12345678
1984
cn123456
zx12345678
xiao123456
456123123
444444444
141592654
126126126
113113113
wangrong
zhoufeng
zhangyun
zhangjia
goodgood
wangxing
jianfeng
chenhong
yangpeng
zhangwen
wangsheng
p12345678
1008610086
3344556677
1020304050
0340412124
qwer1314
love2008
dearbook5
19820415
19880414
19811111
19840626
11011011
19850511
19820723
19820820
19850915
19810202
19820512
19850423
19810920
19900210
19840625
74123698
19840121
19820707
19850604
19850620
19850818
19850311
19970701
19900329
19860413
19860509
74511940
19900102
19901009
19830809
19791010
19821110
19890809
19821113
19840316
19840502
19890429
19820719
19840401
19830626
19830603
19840621
19840309
19850609
19850521
19820427
19830817
12312311
19801019
19811120
19830425
19840711
19901204
19850530
19840325
19901004
19830323
19811205
19860221
19850718
19820202
19830729
19850221
19850324
70701111
19830818
19850717
19811231
19850520
30303030
19880623
19811105
19830906
19850316
19850321
19870831
19840507
19840614
19820211
19840208
19820123
1990
nopassword
lixiaolong
zz12345678
kingkong
123456789h
zhangchen
zhangmeng
jiandanai
wodezuiai
tt123456
124578963
131415926
138138138
11111111q
sd123456
2718281828
19821108
19820920
19850501
19850814
19840819
19900228
00008888
19850222
19840623
10181018
19811101
19890430
19830823
19901206
19860524
19820519
19801215
19900202
19830708
19820722
19830812
19901005
19900109
19820714
19840308
13145201
19830811
19830709
19890609
19840421
19850829
19880429
19820708
19830316
19830605
19850322
19900811
19840505
17171717
19860429
19890614
19860224
19820428
19820117
16881688
19850327
19880630
33455432
19900420
19840512
19840525
19890522
19811203
19850318
19820622
19900807
19840720
19820426
19880704
19901026
19850108
19820829
19900312
19860827
19801211
19840318
19880703
19781010
19840408
52331314
19840520
19820904
19820127
19840729
19850615
19840416
123456789r
ainiyiwannian
52113141314
zw123456
nsnsnsns
nnnnnnnn
lishuang
xianjian
princess
abc1234567
lilingjie
laopowoaini
zhou123456
asdf1314
dd123456
123654123654
112233123
562059487
214214214
523523523
123789123
123321000
918918918
confidence
lovemyself
a1234567890
3135134162
456123
19820417
19820414
19840604
19850227
19880509
19850705
19901128
19850305
19901213
19801216
55558888
82828282
19840707
19860507
19850113
19850228
19901215
19820109
19840215
20092010
19850714
96969696
19900823
19900825
19901221
19820504
19850528
19901130
19850414
19900812
19810926
19830615
19890617
19860111
19820603
19850208
19811224
19820529
19840412
19820805
76543210
19850514
19820924
19830501
19900506
19820405
19830130
19840108
77585200
38383838
19860618
19830625
19901226
53589793
19890515
19901118
19900912
19890630
19820418
19901129
19840224
19901019
19850503
19820407
19840916
19860404
11201120
33336666
19890903
19820420
dearbook2010
com123456789
vvvvvvvv
hongkong
wangsong
huanghai
napoleon
weishenme
xiaoguang
12301230123
harrypotter
hui123456
long123456
789456
123456yy
k12345678
samleiming
DEARbook
feng123456
211211211
159258357
794613852
210210210
314314314
618618618
132132132
584520
123456789A
qq00000000
12345678l
zhangchi
liushuai
wobuaini
azsxdcfv
wangling
ihateyou
shuijing
sunyanzi
zhaopeng
16888
5845213344
kk123456
19830311
19810923
19840608
19900910
19840528
19830710
19840313
19840429
19820614
19850716
19820313
19840223
19830113
19900211
19860423
19820212
32103210
19850602
19820419
19900815
19830821
19820704
09308066
19820726
19880331
19900218
19820309
13243546
19890529
19811107
19820830
19801022
00001234
19900305
19840112
19900106
19830308
19900410
19840607
19283746
19820908
19850203
19810909
19830711
19830607
19850811
19820424
19820126
19801223
19900601
19820308
19830719
19840424
19850426
19890527
19830128
19820327
19820916
19820712
19900523
19830808
19811227
19850904
19810919
19830526
19900707
13145211
123456!@
1983
asd12345
password123
123456zx
ly12345678
weiwei123
woshi123
456852
yangchen
xiaomeng
wowangle
xiaoping
motorola
huaihuai
l5201314
881125881125
chencheng
aaabbbccc
258369147
100200100
520131456
008008008
000000123
110119110
114114114
198712821
321456987
zc123456
12345678s
ai123456
hh123456
123456zz
woainilaopo
woaini12
123456wang
19820825
19781001
19850729
19850515
35353535
19830701
19820403
19740302
19820901
19810808
19840117
19860330
19840418
19850803
19901115
19860519
19820401
77582580
19830103
19810924
19830120
19900122
24682468
19801007
19801230
19900302
19830822
19901229
19840128
19820322
19801107
19840411
19820121
19830111
19860222
02020202
19820226
19840529
19810916
19820227
19801015
19820817
12332145
19820506
19801112
19850703
98741236
19900124
19840422
19811002
42011178
17051974
19810101
19900820
19840721
19811214
19811202
19811220
19840618
45874587
19840927
19860427
19840510
19840701
19850627
19830828
19850209
19900606
19901106
19860407
19840428
19810323
19901117
19820716
88998899
19870930
19850722
19901126
19840103
19900123
19820610
19801210
19820516
19850418
19801028
19801119
19850817
19811003
84821742
19820305
19840806
19900103
19801221
19900205
19900516
iloveyou123
123000
i12345678
13145211314521
QWEASDZXC
QWERTYUI
wwwwwwwwww
shengyulan
comeonbaby
jia123456
123456789o
xiang123
zxcvbnm
gao123456
xiaoling
zhanghan
huanghua
zhangdan
huangjin
niaiwoma
dingdang
shandong
wangjuan
xiaochen
xihuanni
wangshuo
fangyuan
zhangzhi
dearbook2009
12345678abc
zhuzhuzhu
chenglong
liuliuliu
s5201314
108108108
789852123
896352639
748159263
521521521521
251314251314
a1111111
qq1314520
19900306
19810214
19820215
19830402
19900203
19830426
19810925
19850505
19900502
19830613
19820711
19801024
19850519
19820412
19791101
12345699
19821206
19801129
19830404
19820601
19840118
19820307
44448888
19830904
19820725
19830429
19820617
20070101
19830905
12101210
19850728
19840113
19830806
19811211
19910203
19860617
19850619
19840517
19791026
19820824
19840419
19830116
19850605
12152205
19820306
19860121
19811229
19840125
77587758
19850329
19830427
19850907
33221100
19820501
19820421
98188729
19840321
19820319
19900303
19820729
19840628
19830417
01478963
19820621
96111111
19830522
19840708
19820528
19820310
19900120
19810902
66079350
19830325
19820323
19901228
qwerty123
8975789757
0932313521
zhao123456
cinderella
13654006821
52013143344
jianghua
yangzhen
woxihuan
ch123456
zhangxiao
xiaozhang
jiangfeng
yu12345678
my123456
123456789f
yj123456
hj123456
abcd2010
huang520
liu123456789
770880520
569874123
320320320
wang1987
forever123
112358132134
120696363520
521125521125
12321
19890509
19890627
19900618
19901008
19901116
19830602
19830508
19820107
19900401
19850512
19901103
19850428
19850526
28282828
19850507
19840722
19900219
19840624
19900326
19840111
19820228
19810901
66886688
19900510
19840403
19840320
19820205
19860130
19850411
19810521
19900501
19850527
19781028
19840724
19830610
19900916
19830912
19990125
10261026
19810325
19820810
19791030
19801128
19840519
19801214
19900929
19830224
19840513
19830503
19840322
19801003
19860313
19791127
19850313
13709394
19901111
19901217
19840328
19900327
19820612
19830112
19900710
19820217
19810623
19810812
19801008
19820113
24242424
19900802
19801005
19840222
19840622
19810929
19781122
19791028
19900316
qaz12345
123456789aa
abcd12345678
12345678c
aa123123
wodeshijie
a111111111
2582587758
1231231230
zhouying
javaname
aaaabbbb
xiaochun
wasdwasd
zxcvbnmz
jianghao
liangwei
fengling
liudehua
yangxiao
wx123456
1982
jiubugaosuni
he123456
seoshiyan
zhangqing
superstar
zhangdong
zhangting
qazwsxqaz
sunflower
131421
love2010
qq111111
ASDFASDF
zq123456
123456ly
love12345678
kingcom123
abc123123
hello123
c5201314
800800800
516516516
1111
ab123456789
z1234567
nihaonihao
zhangxiang
zhaofeng
lililili
chenxing
zhongnan
xiaotang
verygood
aaa123456789
cy123456
19810307
20042008
19820718
19890424
19820623
19850306
19830619
19900919
19830628
19820112
19830608
19900701
19900920
19830222
19860807
19830707
19901124
19830528
19860609
19801029
19900821
19850205
19850416
19830825
07231564
19900321
19810610
19830212
19850802
19901227
19900921
19830329
19840206
19781021
19840726
19900212
19850812
19820404
19840131
19900314
19830704
19840914
19830415
19851031
19830122
19860704
19830504
19811230
19840515
19830301
19820402
19830117
19900129
19840617
19850226
19810609
19840307
19900513
78951230
19820301
19900507
19811007
19840514
19850427
19900324
19830507
12311231
19820314
19900515
18273645
19830104
19900708
19830326
19820206
19900415
19820728
19800818
19840716
19830705
19791224
19850524
19811207
19901216
19850719
19801217
52771314
19890703
19820624
19901110
19830826
110110110110
102030102030
zhang2008
chenqiang
sdfsdfsdf
jiangshan
zhaoliang
happiness
asdasdasdasd
wsx12345678
12345678x
9874563210
3216732167
7758258123
3714261985
68973435779
chen2008
123123123a
AA123456
50206735020673
dearBOOK
zhaoming
jincheng
makelove
xiaochao
qiaoqiao
romantic
xiaojuan
songjian
shenyang
mypassword
baishikele
zy12345678
caocaocao
ilovecsdn
wwwwwwwww
zhouazhou
christina
lh123456
qw12345678
x5201314
127127127
311311311
963214785
111111121
xiao1234
19900706
19830419
19840827
19850702
19801228
19830517
19820429
10111011
19781225
19810620
11241124
19830108
19830617
19820221
19850704
19830518
19791102
19781023
19830722
19901104
19900325
19820108
00001107
19820811
19830829
19781025
19820611
19820416
19880619
19830622
19900317
19840516
19810824
19830422
19820715
19900213
19820518
19830406
19801021
19880131
12340000
19830614
19801001
19801017
19801219
19820705
19850715
19840521
19820604
19830627
19860803
19850629
19900527
19810628
19830903
19840306
19820321
19840301
19791220
19860530
19901007
19830309
19850323
19900508
abcd2009
410651410651
123456789987
v123456789
wh123456
wang1988
0123654789
ABC123456
13145201314
qwe123456789
han123456
love2009
hangzhou
tianjing
liujiang
xiaoting
liuzheng
gaoqiang
jennifer
yueliang
zhangsan
sdsdsdsd
xingkong
tianlong
poiuytre
sherlock
999999
huang123456
123456789t
123456yu
xiaoshuai
zaqwsxcde
jianqiang
feifeifei
q7758521
zxcvbnmasd
wen123456
csdn2008
zxcvbnm1
7758521a
sy123456
ms123456
369874125
444555666
124578369
135246789
111111112
321456789
325325325
guo123456
19850706
19830227
19840718
19820709
19840905
19820629
19840620
19840415
19791111
19860425
19900217
51888888
11251125
19801025
19810606
19850429
19830720
19900301
19811030
19781128
19840903
19820105
19830412
19860225
19890414
19830514
19820303
19901113
19820213
19781212
19820110
19810910
19900221
19900810
19900814
19830318
19781218
19811222
19830216
11011101
19860703
19900511
19830223
19830712
19830524
19830813
27182818
19901102
19900307
19890514
19840709
11121314
19850617
19801117
19840715
19850424
19820527
19901121
19811031
19850508
19781123
19791218
19910213
19801125
19850408
19801127
19801027
19840705
19880531
19840710
11277215
19820602
65656565
13142659
12345678y
131421131421
200802200802
123321456654
zxcvbnm520
2870873859
7758258258
7418529630
wang1989
langlang
guoqiang
wangcong
engineer
passpass
jingling
opendoor
cnforyou
chenyuan
zhanghuan
wozhiaini
mm12345678
zhou1234
a1415926
qiangqiang
basketball
yy123456789
qqqqqqqqqqqqqqqqqqqq
cj123456
aidejiushini
123456789m
y5201314
lu123456
789987789
326326326
123123000
123456111
520131415
19900304
19790630
19901112
12345123
19801103
19900429
19810911
19781211
19830207
45683968
19860409
66666688
19900716
19840714
19840327
19830902
19830320
19791025
19830618
19830123
19830620
19810312
19830221
19791121
19900623
19811114
19830807
19791128
19900709
19820713
33787943
19820207
19830129
19840518
19840812
19850225
19801026
19840802
19900405
19791201
19820605
19860630
19850118
19850709
19840503
19901127
19820524
19941128
19820218
19820328
19900828
63636363
19900827
19900903
19911014
19900818
04230423
19830407
19791214
19850404
20080512
19830728
19830405
19820627
20072008
12281228
19901101
19850730
168168
asdfghjkl123
angel123
nihao123
123456wsx
zx123456789
asd5201314
sasasasa
birthday
wangkang
nnnnmmmm
mynameis
xiaokang
jiangjie
zhaoqing
qwerfdsa
lovejing
dearbook7
chocolate
lc123456
long1234
112358112358
2000
ww12345678
xyz123456
0147852369
12345678b
wan123456
01234567890
bbscsdnnet
ilovechina
guangguang
zhoujielun
a147258369
feng1234
dearbook9
54188
a1314521
zz123456789
123456zy
123456qw
12345678e
5201314qq
zhang
dearbook1987
l11111111
998998998
250976046
852741963
123456888
826826826
753951123
131452100
110112113
187222455
951753123
wang123456789
19830716
34343434
19811201
19810927
19801126
19900914
19781111
19900322
19910202
19811006
19820220
19810922
19830509
19900319
12340987
19781121
19830304
19830502
19900518
19900913
86680101
19810825
19791024
12231223
19830506
19801013
19900530
20080101
19901003
19820222
19911015
19850518
20100000
19830328
19850710
19900906
19840423
19860622
19840317
19900223
19830119
19820804
19830805
19900115
19840107
12141214
19811119
19820724
12111211
36987412
19820523
19830724
19830317
19820106
19830702
19850402
45685200
19820710
19830428
19900428
19801116
19830519
19801204
31313131
10161016
19830527
19901123
19900924
19830523
19811004
19791119
19830401
19820129
56785678
19840930
fuckfuck
wusuowei
jiushini
jiangxin
zhangxue
jianglei
xiaowang
xiaoqiao
xiaoyuan
warcraft
aspirine
xiaolang
shmily123
b5201314
zaqwsxzxc
detective
yangcheng
wohenaini
jy123456
xiazhili123
qwaszx123
xiaozhuzhu
happyhappy
111222
a987654321
1234567q
951753
lp123456
e5201314
shuangshuang
W123456789
s11111111
8866810635956388
yangqing
doraemon
huangkai
zhoupeng
yangying
liaoliao
jiangbin
azxcvbnm
shenxian
wodemeng
xuanyuan
garfield
qingsong
33333
jkljkljkl
zhangbing
liangjian
yesterday
zhangxing
121212
cc12345678
qqqqqqqq123
12191219
19880430
19791979
10191019
19840413
19901119
19900225
19810221
19900925
19800405
19810618
19830324
19900315
19850413
19900402
19850522
12351235
19900909
19840704
19840803
19900524
19850119
19900819
19830225
19900503
19820806
19900809
19810816
77881230
19791212
19810510
19810217
19850810
19810228
19810713
19830908
19811118
19900522
19900528
19900721
19900425
13456789
19790909
19830330
19911020
11119999
19900728
19830408
19801110
19790318
19810320
19880930
01314520
19840603
19840319
19900702
19810823
19830715
19820907
19820526
19781221
19820128
19900628
19810913
19830516
19830830
19900412
19870331
19900808
19900207
19801108
16899052
19820702
19900718
19901231
19781018
19900529
19890831
547896321
753951456
123987456
729729729
000000001
tblkspthkr
ll12345678
lq123456
luo123456
lb123456
123456mm
123456abcd
n12345678
lz123456
2007
abcdefg123
123456789abc
zhang2010
1230456789
123012301230
111111222222
56789
maomao123
````````
123456789-
huang1234
zhao1234
5201314w
qaz5201314
zhangzhe
lalalala
xianxian
jiangyan
shoujiqb
showtime
javajava
zhaolong
justsoso
huangbin
qunimade
admintus
xiaozhou
123456789j
mimacuowu
huiyuanai
viewsonic
guoguoguo
woshinima
huyunqiao
lw123456
123456...
123456love
chen2010
sky123456
aa00000000
a7758258
dearbook1988
WOAIWOJIA
jie123456
ly123456789
wodemingzi
chongchong
19810326
19901222
19900411
19900614
19840427
19840417
19840619
19811009
19910101
19791023
19830217
51885188
19810906
19900907
19820703
19820130
19820521
19781015
19901203
19901006
19900519
20021212
19830803
19901109
19830131
19810903
19820616
16898168
19771126
19781202
19900922
19830609
19900313
19900521
19900604
19900928
19810712
19791105
19791109
10211021
19830525
19810818
19820609
19820330
99996666
61616161
19830107
19791120
19870731
12161216
19900130
19801009
19810915
19900421
19840426
19791008
19900419
24681012
19810304
19810328
19890731
19840323
11271127
19830314
19781026
19820628
19900409
19850111
19810213
19830305
19900112
19900918
10141014
19900309
19901202
19900328
19901205
19840730
19830125
19850607
19900318
ff123456
ls123456
chen12345678
windowswindows
123456ww
619030475
318318318
886886886
526526526
zaq123456
jin123456
www12345678
zhongguoren
nevergiveup
yh123456
cl123456
w1314520
yang2008
qwertyuiop123
baobao123
com12345
asdfasdfasdf
yanggang
daydayup
register
zxcvbnml
chenqing
aaabcabc
dingdong
fengjian
haohaizi
dangdang
yuanchao
chouchou
chenhuan
mosquito
xiongwei
icecream
tianfeng
ilikeyou
ddddddddd
chenguang
qqqwwweee
7215217758
7887316123
0123698745
3106028011
oo123456
cx123456
12345678_
c11111111
123456789g
778899
66666
q5211314
asdfg123
wangwei123
abcd1987
woaini11
5211314a
dearbook6
caonima123
xx12345678
csdn2010
sh123456
dearbook99
dearbook1989
nuttertools
19900612
19870430
19860323
33123456
22221111
19911024
19791022
19820607
19900901
19900615
19830413
19810826
19850000
19890427
19781228
19850330
19810626
19811113
19850813
19870531
19801018
19820116
19820508
19830411
19830228
19810503
19781120
19850516
19801206
19900517
19820625
19791225
75395100
19810617
19791014
10131013
19900927
19840524
19900703
19840611
19790822
19801222
19900705
19900114
19810621
12241224
19840717
19840425
12171217
19900726
68856636
19890930
19810828
19781012
19781226
19820225
19790916
19900609
13579000
19810817
19830611
19820510
19840602
19840407
19900423
19830410
19830529
19820311
19900613
19810527
19900226
19810801
19900711
19910211
19801201
19840330
07070707
528528528
218218218
316316316
116116116
310310310
176219444
139139139
520131488
888888889
521125521
129129129
456123456
jun123456
csdn12345678
kingsoft
csdnmima
hengheng
happysky
shenjian
chunchun
loveless
huanglin
kongkong
onepiece
chenling
12345678d
aaasssddd
batistuta
sssssssss
woshilong
lightning
xiaojiang
love1987
xl123456
zhang2009
fengxiaofeng
aa1314520
x11111111
google123
123456789..
19871271987
77585201314
520
123456789p
5213713752
1234567895
5201314159
1234567809
1346798520
2006
135790135790
054821054821
123456789999
131420131420
123456cc
ty123456
chen2009
yu123456789
cappuccino
appleapple
123456ll
...
d5201314
110120
hua123456
5201314.
yl123456
19801122
19820819
14725800
12021202
19810416
19850405
19781203
19900121
19901031
19810821
27272727
19840609
19771020
19910125
16897188
85207410
19830409
19781223
19820505
19810629
19791123
19901201
19900323
19801030
19820409
19811005
19810601
45678900
19900224
19900622
19781118
19800819
80231314
54545454
19860730
65432111
66667777
08290829
19910214
19810921
19900905
19810912
19790118
19781231
19781201
66700388
19791020
19850930
19800216
19791226
19900416
19850130
19900629
19810905
19900717
19801207
19840805
06060606
19810806
19791016
19810121
19900626
19830804
19830727
20060606
19820406
19810305
19900209
19850308
19850117
19900806
52111314
19901219
yangdong
chenping
zhangqin
zxcvasdf
abwdxwtz
quanquan
yangling
chenqian
yangqian
chengwei
DearBook
nishishei
sunsunsun
chenxiang
jiangchao
zhangling
linrongfa
614614614
221221221
520131499
200200200
198198198
123321321
584334421
885201314
203203203
369963369
135521234
jiajia123
xj123456
net123456
li5201314
feifei123
zhang12345678
w123123123
110119
lm123456
13530023404
12345678901
QWEQWEQWE
131420
aa111111
1593572468
1133557799
1928374655
1236987450
1305821983
5845131420
0932313520
dearbook888
xiaobudian
xiongxiong
123456789!
wo12345678
kevin123
123456www
abcd1988
110120110120
csdn2009
ilovethisgame
yuan123456
dfdfdfdf
zhiqiang
chenglin
liangyan
ganggang
xiaoshan
fengying
wangmiao
thinking
huangfei
jackjack
wingzero
chenbing
lionking
chensong
weiqiang
woaijing
wangtian
xiongmao
dearbook111
w00000000
zhangping
wodedipan
huanxiang
qiujingni
fenghuang
woaideren
y11111111
1981
19820324
19900616
19810726
19900908
19810103
19820717
19830121
19840616
19761976
19820317
81234567
19810723
19761021
19810108
19900730
19820706
43420024
19810206
19820608
19801118
19771124
19900602
19900829
82468246
10020000
19810930
19800825
19791012
19850630
19781220
19781126
24681357
19911012
19801203
19850401
87651234
19820727
11223311
45612312
19830403
19791029
19910104
19820503
52000000
11123456
56781234
19811209
52005200
99819981
19820329
19830511
19810302
19911018
19900605
19830616
19850713
10000001
26511314
19900603
19801113
19801109
19900713
19900720
19801205
19811208
78907890
52135213
19910121
12365412
19820613
19830118
19801209
34567890
83418341
19820514
19820515
zb123456
abc111111
love1988
fei123456
qwerasdfzxcv
xiao1314
aaaa123456
133133133
335201314
128128128
194983521
519519519
135798642
748748748
775201314
517517517
124124124
521478963
666777888
023023023
326159487
510406030
456852852
215215215
852852852
102102102
123456678
987456123
liu12345
shi123456
12345678h
sj123456
gg123456
woaini2008
251314
ok12345678
5211255230967521
123456xx
123456789k
987654
zj12345678
11111111qq
qq7758521
woainimama
huangqiang
gjxhsgjxhs
chrdwhdhxt
choupiwang
zy123456789
qiang123
qw123456789
13919936479
06124308030
zcwdclqscll
wang12345
abcd1989
5843344521
4444444444
7758521000
5203344587
12345678r
tongxingzheng
inuyasha
security
yanghong
wangheng
redapple
tongyong
wowowowo
eeeeeeee
wodecsdn
xiaoning
liuyifei
dinosaur
rrrrrrrr
jonathan
xiaoquan
qq123321
yangliang
huangrong
starcraft
linlinlin
wang1986
zl12345678
852456852456
010203040506
asd11111111
h5201314
zxc12345678
007007
li11111111
abc1314520
666888
b11111111
zs123456
19801229
19810303
19830321
19810115
10291029
19781215
19810917
19900619
85081056
19850403
19860331
19840402
19910325
19781103
19781113
19830819
19890131
19900712
19801106
19830319
19791222
19900625
19910316
12315123
19810301
19810603
19890730
19801114
19820513
19810401
19820000
19900427
20092006
19900127
19800202
54185418
19801004
16856789
19771212
19811117
04061018
19900621
19810105
88123456
19810116
57575757
19781224
19830604
19890331
00000011
19810720
67676767
19810212
33334444
12593000
19840114
19810717
19900826
19810719
19810318
82537724
19911991
11021102
19810619
19900611
19820530
19791015
12181218
19900610
19801231
19790203
19810406
19781108
19900822
19791018
19801105
19791213
19840509
19810125
19840406
19791108
19781104
19820411
19810528
19790204
19900514
19791013
19900509
19771010
aaa12345
love1989
woshishuaige
abcdefghijklmn
13142
qazwsxedc123
333222111
132456789
198710086
159357159
668668668
123212321
999666333
555666777
520131420
r5201314
lj12345678
zhou1314
wwwcsdnnet
evangelion
e11111111
loveyou123
11111111w
lk123456
shuchang
weiliang
yanghuan
accpaccp
kisskiss
eyesonme
xiaosong
fengjing
lovecsdn
question
zhaochen
zhouchao
sz123456
baobaobao
xiaochuan
zhangzhao
xiaosheng
lipengfei
hongliang
chenshuai
123456789i
whosyourdaddy
abcdef123
jiang520
jing123456
1234569870
4294967296
2269439999
hl123456
cd123456
mm123456789
dearbook007
xin123456
12345678A
1111111111111
qq000000
dearbook110
zzz123456
084119084123
642353123456
xiaoyu123
yang2010
long1314
abcd123456789
12358
00123
123456wo
19801218
19810715
19811110
52100000
19910123
19900805
19840511
19800802
19810317
19830824
19810728
19851986
19830424
95959595
19810124
19888888
10301030
19781115
19900404
13245678
00110011
19820803
19800228
19810525
19901107
19771027
19901207
19820511
19781230
10171017
19810612
19911210
19790315
19790618
19810813
19781003
19991220
19810519
19810907
19850331
19860229
20091010
19900119
19810607
12041204
19791125
19860930
19820517
19900816
12201220
19850517
19791019
19781112
19810314
19810203
19791104
19780603
19910418
19810310
19800214
19900414
19911016
19810106
04200116
03120312
19971997
11247412
19810219
19910226
19760620
19910224
19781208
77493618
19780214
19781216
19900117
22222222222222222222
showmethemoney
qwe12345
yang12345678
feng1314
zh12345678
wsx123456789
lf123456
wz123456
loveforever
huangcheng
king123456
123456chen
lee123456
lin12345678
111222111
678678678
122122122
415415415
411192710
852963741
789512357
184866884
319319319
880770660
wu12345678
veronica
wojiushi
jinsheng
xiaotong
ningmeng
woaibama
zhejiang
dongyang
zhaoyong
wangjile
dajiahao
yuanjing
pangpang
shenshen
love123456789
woaini88
A5201314
wodeairen
zhouqiang
youloveme
wangjiang
aiwosuoai
jiangjian
freedoing
liushuang
Q12345678
woaini00
ww123456789
zhang12345
cao123456
123456**
l1234567
qwer2008
123456789*
15890193764
123456ok
zhong123
jxj123456
fan123456
rd123456
123456zj
102030
qaz11111111
com5201314
5841314920
7758258520
1017795464
9632587410
5205301314
4113231982
12345678o
aaaaaa123
professional
5201314aa
sl123456
zm123456
200820082008
yao123456
46191494619149
19830703
19791106
19830416
19791009
19810311
19760601
19850417
19820224
12346899
19791229
19781109
19810822
19901209
19830802
19791027
19900403
19900617
19910107
19810218
19900311
19910227
85602222
19900128
19801111
19900803
19800812
19810615
19900417
19771025
19810327
19781017
88880000
19890330
10281028
19810118
19810624
19780925
19790626
19910216
19791103
19791116
19790419
19791205
00112900
19791208
00000007
19790408
19810722
19830322
19781022
12597758
19981998
19900723
76767676
19900630
19810707
19800217
19790901
19890530
19900904
19900724
19900714
52113141
19800808
19800316
19800312
19892008
19780127
99889988
19780326
19820122
23581321
11234567
19910425
123456zl
woshinidaye
zxcvbnmmnbvcxz
boshigangchang
u12345678
ainibubian
wodeweilai
chengliang
wwwuploves
123456zxc
xu12345678
s1234567
asdasd123
huasheng
xiaomage
wangbiao
zhengxin
dldldldl
lianlian
linglong
zzzzxxxx
zhaogang
woainiaa
icandoit
xiaozhao
herohero
zhaoying
shenghuo
xingchen
dadadada
sun12345678
123456csdn
zhang1987
zhangxuan
zhangjuan
pojaablog
zhouliang
chensheng
fengkuang
abcdefghi
zhangsong
tqtwffgcc
hibernate
dragon123
22222
wy12345678
beijing123
615615615
173173173
123465789
456852456
513513513
527778367
118118118
520131412
305488940
254044375
456654456
624624624
323323323
Z123456789
o5201314
sheng123
liwei123
ZZZZZZZZ
chen1987
123456lj
wf123456
yang2009
321321
851210
asdf2008
13528519554
13403537353
jiang123456
12345678f
huang1314
zhao1314
liang520
abc00000000
cc123456789
you123456
wd123456
xiangxinziji
woaibabamama
az123456
1123456789
2468024680
5211314123
ll123456789
12369
wuyongchong
woyaoxiazai
6668881204511
5201314z
wangjiao
shenlong
woainana
logitech
champion
anainima
jasajasa
wangxuan
zhouyuan
lijunjie
xiaojiao
xianfeng
liusheng
gaoliang
qingshan
sunmenga
xiangjun
wanglili
jiarenqb
huangmin
hathaway
asdfgasdfg
daohaosima
chinachina
ssssssssss
hhhhhhhhhh
maikuraki
windowsme
lvfeididi
shengming
huangyang
wohaoaini
huahuahua
asddsaasd
jianglong
woainimen
taotaotao
wj12345678
1111111
21436587
19910229
19911010
19800728
11111110
19840719
19781007
19900704
19800527
19810204
19790918
19900729
84268426
19810526
20122012
19810721
19800112
82760274
19840630
19810729
19911002
19900715
19781020
19810703
81818181
19810627
19771120
19771225
19790108
19790815
19910806
52585258
19900911
19900418
19810425
12333333
19790424
87953747
97465233
14121412
19800613
19900406
19901223
19781011
19771118
19900915
19910705
19781116
19810711
19911120
19781106
19900722
19810509
13245768
19791217
19771128
19810216
19882008
19820630
19840530
55621162
19761213
19810815
19800128
19900608
19790623
19820111
19910311
19830723
19910116
19810819
59201314
19810704
19771109
19900917
19910102
11291129
74747474
19911019
19820522
12349876
010203010203
123000123000
584521584521
147258147258
12345678li
f5201314
hu12345678
d11111111
ss12345678
zxcvbnm2
222222
123456zh
zf123456
qazwsx
784951623
136136136
775852111
731731731
170321064
625625625
100000000
105105105
330330330
009009009
135791113
520123123
951753456
742141189
112233456
502502502
520131411
365365365
168469367
521131400
131131131
302302302
432432432
951951951
511511511
csdn1987
123456lin
dearbook1986
123456wu
qq5211314
woaini2010
DEarbook
77777
00001
c1234567
lg123456
z1314520
cs12345678
13128255707
56652154536
gy123456
lei123456
zhang1988
asdasdasd123
abcdefghijk
information
woaiwodejia
woailaogong
mingyang
ipconfig
yangkang
cocacola
shinichi
zhaoqian
woailing
yuanfang
ericsson
fengpeng
flyinsky
dongfeng
fishfish
shuishui
nintendo
yangbing
wenqiang
yanglong
zhanghai
hanghang
xz123456
binbinbin
liuxingyu
huangxing
dongliang
panasonic
zxcvbnmas
xxxxxxxxx
skywalker
zhangzheng
huangliang
xingaixing
programmer
dddddddddd
watermelon
nihaihaoma
syncmaster
wc123456
song123456
5612607890
8012160713
0101010101
11111111.
chen1988
20080628
19800528
19900620
36237758
19771108
19800609
19790312
19801115
19810421
19900308
90332773
19791210
19910315
19810518
19760909
19810508
11121112
19780910
19810123
19800220
14785236
19910719
77882500
19830717
19800620
23242526
19840830
19810718
11261126
19800616
19771018
19900930
24862486
19800820
19810522
19830331
19781013
19811106
19781024
19800226
19911005
19791003
20052008
19800401
19800301
19810424
12121122
19810110
19910112
19771224
19840430
19810415
19900111
19810501
19910108
19781217
74185296
19810403
12345665
19800919
58420184
19871234
01478520
19791118
19910228
19801101
11111118
19900607
19910122
33338888
19810523
19840531
19810802
19830420
19911021
19781124
19790820
19791004
19820430
19800521
58585888
52013147
30624700
19790924
19810428
13241324
19902008
19781027
19850830
19790825
19810602
19780210
liu5201314
tianjiangdaren
74110
12580
52013
258369
741852
709394709394
778899778899
584520584520
123123456456
123456xu
xy12345678
yx123456
xx123456789
123456sun
0000
x1234567
sw123456
dj123456
709394
yuan1234
happyeveryday
123456wy
753951852
413413413
011235813
145254188
235235235
581545900
198631100
121212100
317317317
191154120
411411411
123456787
223223223
294753618
110119112
412412412
103103103
234567890
tao123456
zp123456
ilove123
zhang1989
liang123456
woaini12345678
aaaa1234
12345678t
loveyang
chengjie
xiaozhen
xiaoguai
liangjie
lovejuan
lovelife
xiaoxing
woaixiao
tinglove
hehehehe
wangtong
justlike
sunlight
dreaming
zhangyin
zhongwei
konglong
xiaoxian
explorer
ibelieve
windowss
55555555555555555555
5201314abc
superjunior
woaiwolaopo
qazwsxqazwsx
woaimeinv
qqqaaazzz
lianxiang
pengcheng
huangshan
huangpeng
yangshuai
xiaocheng
nihaogxfc
xiangyang
huangchao
zhanghang
jiejiejie
30798764681
13684995017
89080620084
13916777619
14159265358
woshishuia
xiaoshuang
terminator
tigertiger
wangshuang
qweasd
chen1989
aaa5201314
beyond123
csdn1988
h11111111
Aaaaaaaa
dong123456
woaini2009
tang123456
2999811983
1357997531
5566778899
wei12345678
t5201314
123456wj
DEArbook
19810614
19910118
19810511
19810505
19791206
11116666
00000008
19780922
87654312
19850407
19791031
19810705
34678321
19791122
11122233
19810814
19800920
19911022
19900813
19800125
19780929
19850131
19810904
19780616
12347890
27750930
19900408
19911026
56575859
19810605
19790611
19800701
19801102
19810402
48484848
19810119
19780823
19770101
05201314
19781125
11180607
19810120
12541254
19900926
97979797
19790928
19810316
19870229
77777778
19810809
19761023
53647110
19910523
19800213
19860831
19800000
19790910
19800725
19900902
19810211
19780909
19781101
19911008
19910608
19781105
19810507
19820507
19910423
19800221
19800821
19791216
00998877
19810514
52010000
19790801
19800315
19810803
11900000
19790929
19810209
00012345
19810714
19900725
19791221
qazwsx520
welcomewelcome
jj12345678
123456hu
r11111111
z123123123
123dearbook
cai123456
123456ss
ad123456
135246135246
770917720123
134679134679
654321123456
123412341234
991881991881
520520520520
2005
su123456
yf123456
dearbook001
qwer2010
01234
12345678m
333333
jiang1234
gh123456
820820820
527527527
348920043
123012300
159357000
535897932
416416416
514514514
520131414
123456999
455696504
struggle
jiangmin
xiaorong
lianghao
woaicsdn
menglong
zhouting
qwerrewq
yangping
together
wangzhao
zhouyong
truelove
marlboro
zzxxccvv
tangjing
nizhidao
westwood
xiaohuan
lovebaby
shenjing
aquarius
gertydrj
tianming
xiaoniao
kissalan
chenning
abcd12345
zhangquan
metallica
liverpool
zhanggang
redkissfs
wangchuan
chengming
studyhard
ilovejava
zhaoqiang
huangzhen
jinjinjin
dearbooK
y1234567
w7758521
ye123456
123456yang
www123456789
qwer12345678
finalfantasy
abcd1986
wo123456789
pan123456
csdn1989
123456cs
woshilaoda
z00000000
xc123456
23456
58451211314
58080596547
19903287512
happy520
qwe5201314
as5201314
asd1234567
love12345
xie123456
m5201314
jing1234
liuyang123
chen123456789
love1986
chang123
an123456
bb12345678
abc
xia123456
12312
zhuzhu123
1415926
7215211314
5841201314
1236987456
1181151539
1593572486
123456789n
A11111111
20010911
19801104
19800718
20462046
62626262
19910204
19780318
19810608
99899989
19800412
88224466
19840331
12031203
19771030
19810220
19810225
19910318
19800815
19900727
19790219
19781210
19800918
13145920
77889999
19771215
05240910
19790505
19850430
19830706
19910329
19790704
19820223
03110311
19840831
31663166
19810126
19810504
19800505
19810613
19910127
19810710
19781213
19800927
20088888
12300321
07742216
12331233
19911224
19910113
19800102
19781209
37214728
19781206
19780918
19910105
19741974
19911212
19781016
87635984
20088002
19810702
19791129
19910301
19910401
19780718
19731973
19781029
20062008
19791126
19810208
19791017
84423196
51685168
11281128
19800828
19910124
19800814
20091231
19810306
19700808
12388888
19800925
19810114
19791002
19820326
12581258
19810530
19790214
19810811
19771216
ok123456789
123456xy
huang521
1234567qq
WOSHISHUI
dearbook21
zj123456789
zxcvbnmasdfghjkl
baobei123
cz123456
asdf2010
rootroot
niqusiba
huangjia
everyday
zhujiang
tangjian
jianghai
andyandy
notebook
zhaodong
gutengda
zhuifeng
sunqiang
lovefeng
lawrence
jiangfan
yangting
zhangpei
jianglin
lijiawei
chenghao
king1234
11111111aa
aa7758521
qweasdqwe
huangying
changqing
qwedsazxc
dongsheng
lijianguo
xiaochong
daocaoren
excellent
huangdong
b1234567
wocaonimabi
dearbook01
123456789123456
asdf12345678
102030405060
142536142536
372108916038
513030513030
qweasd520
zl123456789
kpawjfhjiuvu
yishengyouni
xh123456
303303303
613613613
520520123
775852177
790297648
620620620
123412345
567567567
156156156
421421421
331331331
219219219
492357816
987321654
246813579
232134403
125478963
789654321
205205205
zhangsheng
zhanglijun
aa123321
dearbook52
ASDFGHJK
1314520q
wb123456
XIAOXIAO
laopo123
e1234567
wang1985
yang1987
xue123456
xinxin123
csdn123456789
wang
zhang888
qwer2009
wang1984
1314521
ak123456
jason123
lj123456789
com11111111
jay123456
123456wei
abc123321
zt123456
yc123456
11111111z
123zhang
dearbook10
mylove123
wq12345678
zhang111
tiger123
o11111111
dearbook23
wanglei123
as11111111
123456jj
wang1990
admin520
zhangshu
abcddcba
yangshuo
suncheng
mamababa
likelike
yangfang
rensheng
yangzhou
symantec
hamasaki
elephant
xiangfei
starstar
november
chencong
zhengyan
zhuimeng
zhouqing
yuyuyuyu
zhouquan
xiangxin
tianshen
zhengjie
woainiqq
liang1234
a789456123
fengzheng
huangfeng
xiaoyanzi
xiangjiao
xiangnian
greatwall
huanglong
spiderman
zhengjian
zhangrong
happylife
zhangshan
challenge
1233211234
1258012580
1314520000
1234560000
4007105899
0000011111
19771103
19801227
19791231
19791021
19800601
19800810
19720806
19751218
77885210
11223366
54385438
11114444
19790411
85411165
51234511
19820525
19900426
19800610
19790906
19810616
19790629
19810324
19910328
20030101
19800816
19901108
19800612
19800321
83838383
19900923
19790912
19860430
19810820
31492768
19800305
20062009
19800829
19790309
52059487
19790428
19810405
33445200
13142100
19780928
19800822
19790902
23571113
77585217
52335233
19790827
19910820
19921020
19790926
19810625
19810422
20050607
19800924
19900422
19870000
19810412
19791203
19911216
19810129
55201314
19910508
19800805
19771016
19790904
19911130
66554433
12361236
19790620
25800000
19910801
19810102
11031103
19790723
19810622
19800606
19810410
19890531
19810224
19810724
19781207
43214321
19900627
43215678
19810205
19830430
19790423
19800206
12346578
19800912
47474747
37373737
19900804
19910221
04110411
13524678
19800811
87891462
19910208
07090126
50505050
19910126
19800926
19790613
53542306
12123456
19801031
22112211
19771015
20061224
19800420
19780103
15935789
19790808
19760821
19911017
19790728
19761019
20081212
13579246
19910223
20000101
19991999
19810408
19810417
8888
st123456
lt123456
wa123456
88888888a
1234567w
12345678j
yt123456
142857
qazxsw
qaz1234567
happy123456
aa000000
friendship
angelangel
simileplun
zhangchong
abcdefghij
haoxinqing
changliang
wodebaobei
zhengzheng
shengsheng
zwiamakiller
ming123456
dearbook000
12345678asd
147852
zh123456789
hy12345678
141421141421
456258456258
520025520025
wt123456
asdf2009
david123
147258147
159753159
568568568
623623623
545007273
000168000
230230230
123258789
410410410
654321123
159753258
890890890
775825800
586586586
123456852
a0000000
32167
QQ12345678
f11111111
wu123456789
5201314@
hb123456
sunny123
q88888888
j5201314
ws12345678
michael123
abc000000
xf123456
yz123456
1980
123456bb
qwertyui123
37059967640276
00000000q
15816127225
13932996539
00123456789
13628792658
48691988612
we123456
521125
12345678g
jk123456
45678
yang1988
wangguan
ffflufei
bluebird
hyacinth
longfeng
chengxin
welldone
lihaitao
wangquan
zhaochao
tortoise
haohaode
myfriend
universe
personal
hongxing
shunshun
lizhiwei
mingxing
loveling
sunliang
lovechen
bullshit
jiankang
qingyuan
shusheng
963852
zhiaiziji
jiansheng
guangzhou
jjjjjjjjj
christine
september
liujunjie
yuanshuai
caonidaye
aishangni
lijun123
bin123456
zzzzzzzzzzzzzzzzzzzz
gongxifacai
521314
ren123456
lan123456
zxcvbnm521
7758258
abc7758521
caoyuanzjykyzjk
20040101
19911013
19810708
19790828
20061001
19791204
11113333
19810701
12081208
19810223
19790526
19910828
12345656
19800622
19910825
19881234
19751975
19810908
19810810
19910823
19781119
19820731
19800524
03030303
12261226
19910421
52575257
19810716
19791011
20090701
19790326
19780401
19791211
19810409
19911029
19911226
96049604
19820509
19900719
19860000
19780308
19910303
19910302
19840727
19810727
19800218
22352255
19810315
19800309
19810418
19790708
19850831
19810227
19810420
20050101
19790522
19781008
19810706
19810524
19790614
19771220
05320532
19911231
19790923
19800813
19810827
19781019
19791124
12051205
88776655
19810807
19801202
58452000
19800923
19810529
20001019
10151015
20090808
19911121
19810109
29292929
19810829
01470258
19800126
19910129
19921016
19780315
19910103
20101010
19841985
19791230
19810127
19780222
19790525
19810419
19900413
19800712
19771213
11235811
19800201
19790606
45685213
15975346
19780916
19791007
19800428
19800916
19780619
19790216
19761202
20051225
76107610
14285714
zxcvbnm1234
xiaowei123
14159
7120688004
1231231231
5845203344
1230123123
1357902468
8712107517
3344520520
1987062600
6184685521
1313131313
zxc123456789
1991
99999999999999999999
dearbOOK
g5201314
xu123456789
songhyekyo
mmmmmmmmmm
chongliang
aaaaaaaa1
wp123456
zhang007
qwertyqwerty
wangyonglang
xiong123
windows
peng123456
zhang110
wy123456789
zxcvbnm123456
wsx12345
lxy123456
12345678p
song1234
lx12345678
04551
pp12345678
wang1983
ma12345678
123123qq
yang1989
zk123456
asd123123
wl12345678
237395617
314285769
061407319
217217217
131452011
190624214
525525525
123520123
208208208
563214789
256256256
159875321
220220220
277420327
594201314
876543210
225225225
159753852
301301301
234234234
sc123456
111111111111111
woaini1987
admin123456
033614625035
332335332335
200730200730
123456wq
xm123456
hx123456
dearbook321
w5211314
dearbook.
df123456
liu11111111
mao123456
chinaboy
fangjian
caoliang
iiiiiiii
mutouren
chenting
zmkmzmkm
yongyong
ambition
blizzard
hongjuan
woainini
december
zhouming
duanduan
lovefang
liangjun
dongjian
chenglei
wozhidao
maverick
bemyself
songchao
jianping
zhaohuan
wanglina
jingying
woaijuan
zhaomeng
xingyuan
chenkang
freebird
jinliang
nicaicai
freefree
yanliang
qaqaqaqa
liuchuan
smalldog
shandian
chenmeng
yue123456
belldandy
liangfeng
lixiaowei
moonlight
guangming
chenggang
yingxiong
satellite
zhanglili
billgates
confident
lovingyou
xiaowanzi
wangchong
zhangbiao
photoshop
qasdfrghy
yangqiang
zhangtong
d1234567
qazxsw520
xp123456
31415
52000
fang123456
62138842793
13818936500
13689592050
13916055158
52013147758
asdfgh123
wm123456
tian123456
1234567.
p5201314
asdfasdf123
ziqiangbuxi
12345678qaz
dandan123
aini123456
wj123456789
xiaohongcheng
ys123456
li1234567
yi123456
hu123456789
welcome123
ss123456789
cn12345678
waterwater
godblessme
wanghaitao
magebaocom
university
longzhifei
linkinpark
zhang123456789
t11111111
19780422
19810513
19800623
19910219
19911129
19910610
35612615
12291229
19790819
19790622
19800310
19821983
19800506
19800306
19790612
19810413
19780108
19810215
19910905
12091209
19810414
19910716
65432178
19910327
19771117
19910128
19770202
19830730
19761219
14521452
10271027
19810210
19910209
19790826
19800907
19911122
19830731
19780816
58525456
19731024
19830630
19800219
19790217
77884144
52415241
19910323
19910218
19910326
19800928
19780202
19800215
58452034
19810709
84637857
11111178
99123456
84211314
19800302
19910720
19800711
19910215
12345835
19790228
19991231
11111100
19910201
19790824
19910317
20089696
19761022
52171314
19910220
19800705
19780825
19761217
19910706
12457812
19830530
19761229
19910612
12315110
10431079
19911006
19800208
19800407
19800803
00724015
19780501
19800806
16899166
19781129
19791130
19781114
19910405
19871989
19911230
19761010
19910525
19781004
52775277
19800502
19790110
19791113
84848484
88881234
19781110
19800120
19780601
19911112
19810604
19781117
19771129
16896866
20131420
19921225
19741010
19781014
19790921
77885200
19790804
11111123
46464646
26591314
19810725
19790809
20061010
19780128
19741128
19910726
19790911
19911113
19790307
19791006
05022229
20082010
19781006
20090901
88552200
19771023
123456hy
liuwei123
lin123456789
alleniverson
qwaszxqwaszx
woshiyizhiyu
ds123456
123456qwer
dong1234
123456QQ
1111100000
7410258963
4007809061
5201314110
5432112345
1985111802
1230012300
5201314584
0250202502
9581322180
1478963250
5843344520
1122336699
tang1234
aaa11111111
woaini888
123456ws
aa5211314
88888888888888888888
12345678901234567890
dearbook1985
dearbook22
ASD123456
zhy123456
meng123456
code123456
cs123456789
12345678as
00544
yang123456789
zhang1986
jh123456
shuang123
zxy123456
woaini111
ld123456
guozheng
windwind
playgame
youxiang
cctvcctv
jkjkjkjk
lovefish
alexalex
wenliang
fjfjfjfj
azazazaz
chenghui
changeme
longcong
wingwing
qqqqqqqa
longteng
tianying
woaiwoma
tianxing
hailiang
shenzhou
chenfang
luocheng
pengyoua
domybest
huangzhi
luoqiang
yangjuan
shaopeng
followme
tianjiao
chenrong
huangrui
dearbook1984
tt12345678
maozedong
wanghaibo
chengpeng
xinxinxin
huangming
jiangyang
liangjing
changhong
jiangying
jiangyong
dsadsadsa
fffffffff
ainideren
discovery
jiangpeng
zhangxian
123woaini
789789
chen12345
YANGYANG
happy1234
dy123456
fly123456
yuan1314
775852121
100200520
619619619
131452088
012012012
188997733
222333444
612612612
530530530
520025520
000123000
306306306
216216216
236236236
123234345
119857015
313313313
421522346
603603603
123123789
123578951
100986215
124386443
213546879
sd12345678
ab5201314
chen1986
654123
12345678k
111222111222
210823210823
789456789456
qq88888888
cheng520
woaini1988
dearbook1990
q1234567890
m11111111
sun123456789
v12345678
aaaa1314
why123456
1111111111111111
13201516175
13810752119
xy123456789
zw12345678
sa123456
ling123456
584521
qaz123123
123456asdf
shuai123
wang1982
sx123456
dd12345678
lovezoulin
aiwobiezou
llllllllll
wanglihong
qawsedrftg
nishishabi
woaizhuzhu
wangzhiwei
jian123456
qwe11111111
qazwsx123456
98765
123456lx
qa123456
33445203344520
k5201314
liyang123
h1234567
123456pp
123456ma
qwert520
qwer1987
2002
mrzhangqiang
wk123456
123456wl
dearbook163
19800418
19781205
19791112
19780412
11051105
52885288
19790221
19910621
22228888
19840000
19800901
19781227
19921001
19850731
19921010
19910606
19791115
19800320
19910410
64646464
19780913
19800108
19810630
19800911
19911208
19800211
16899161
12001200
19800209
19911011
13145921
33445210
19771208
19820831
19921101
33332222
19810313
19780708
19760210
19911126
19790323
19911030
19771127
19780404
19810506
24680000
19791114
52661314
14371437
19790604
13971397
19781222
19780610
13384332
13524600
19800326
19780716
19790401
13142121
19880731
19771028
19800824
19790927
19780820
19910902
19780924
19800529
33669900
19790721
27135973
19800723
12011201
19780527
11100000
19911223
19781204
11191119
19790922
19790308
19800801
19790316
19800621
19790722
19800227
19810516
12348888
52881314
19820531
19910628
19790510
19771203
19850531
19921120
19790113
19810426
02130213
12378900
67896789
19810207
00123123
19911218
19771211
19910818
19800106
52115211
19790605
19790625
19790206
11081108
19810517
19781102
19790213
48325910
54188888
19910207
19800726
15987532
19830531
19790415
19790130
11151115
45612378
19781229
19791219
19780828
19780120
19910206
19800311
19790812
19790925
11011000
19780917
19800122
19780228
19761224
19790321
19771125
19910603
19910505
87092187
19771005
19791110
19790601
19900424
19790225
19910320
19780520
19810112
19860731
19731218
21332133
19760826
19910210
19780205
19920622
12315000
19761026
19771115
19810520
19800618
19910426
19800603
20345156
19910711
19910307
19790202
19810319
19898989
19790103
nishiwodeweiyi
123456789Q
ji123456
csdn12345
010203
135246
L123456789
zxcvbnm3
tj123456
wang1111
5201314999
4939471000
5345381213
1478523690
5702070121
7758520123
5358979323
3020201088
6666688888
5201314521
8979323846
csdn1986
r1234567
Password
woaini1989
sb123456
wangshan
fengyuan
charlene
bingfeng
huihuang
hongjian
mianmian
scorpion
guanjian
amethyst
lixiaoli
kkkkmmmm
chaoyang
jiangwen
chuangye
iamhappy
songjing
nxgyanzi
kkndkknd
zhaoyuan
zerozero
lancelot
adsladsl
yangtian
zhenghao
zhouxuan
delpiero
loveking
guanguan
zhongwen
fengchao
lianghui
gongming
fuckcsdn
wodetian
williams
guanghui
lliufeng
wsadwsad
amituofo
wewewewe
yangmeng
longshao
godbless
yuanmeng
xiaoding
shiliang
sapphire
shenchao
yangzhao
openopen
zhangpan
ineedyou
2718281828459
heiheihei
bbsbbsbbs
liangyuan
godfather
liangdong
shaoshuai
renjiabin
adearbook
meimeimei
zhangcong
jamesbond
zhengzhou
bwhhfytbz
fanfanfan
zhouzheng
huangyong
chengjian
danpianji
hellocsdn
jiangming
asdfghjkl1
ZHANG123
WOJIUSHIWO
12345678i
jiang1314
linlin123
windows1
summer123
dearbook13
jj123456789
WOCAONIMA
518518
zxl123456
kk12345678
123456cn
windows520
789456321
100200123
831612583
654321987
123456890
543216789
159263487
995201314
520131477
401401401
111000111
501501501
123456963
510520530
611611611
331024842
159357789
601601601
030210312
010010010
711711711
834159672
888555222
987123456
510510510
328328328
524524524
S123456789
59420
962464
2003
123456789u
QAZ123456
5201314l
qin123456
admin1234
ab11111111
Iloveyou
woaini007
z7758521
mj123456
chenwei123
woaini110
i5201314
wang5201314
asdf1987
jing1314
197520082009
456852753951
456789001234
cf123456
fu123456
20061205057
13471862010
43420024420
19845660198
12345678999
sushaohuai
wangjunjie
wohaishiwo
blackberry
lizhiqiang
justforyou
a000000000
abc5211314
zc12345678
yy5201314
ai12345678
hh12345678
wang11111111
dearbook456
abcd1985
yishengyishi
A1234567
qweasd123456
dearbook1983
ml123456
123456tt
abcd
q1111111
521
5201314s
cheng123456
123456sd
l1314520
king1314
yun123456
csdntongxingzheng
1234wang
123456zhang
cb123456
mn123456
abcd1984
19751115
19741016
19860131
19751101
19761028
19810111
19921027
19910114
59595959
15935746
19800223
19790716
19751206
32471388
19910503
19840731
64218763
19770424
12071207
17110977
19751225
19790724
10021002
19771004
19910909
19780915
19770707
19800501
19790418
19911028
86965921
19761120
19790628
91919191
19911023
19780812
19790814
19800929
13467913
55668899
89631139
19790602
98766789
19910417
19790328
19800611
95175300
19800203
19810329
52089913
19800212
19761216
69191217
19800210
66663333
32781710
19761204
19810804
19800915
06160616
19781002
19780904
74567456
19790329
05020827
19790504
19790915
12312333
64668989
19810309
19910506
52615261
19900222
19800423
19911115
19780505
19800522
19761102
19910406
19761218
19800619
19800123
99663300
19800905
19751025
19920406
19810404
20121221
19780609
19820730
88668866
13148888
19780526
19741226
84875075
19910519
19931016
19801006
19790920
32050789
56215487
20081001
19781127
19900407
19771002
53517230
01470147
19771221
19780302
19780618
02032247
19761008
19810411
19800507
98769876
19761208
73748096
16899999
41082319
19781030
19800615
12451245
19810226
01234560
19910928
19910809
19911119
19921011
19910110
19910620
19910324
19790117
19910607
13246890
19992000
19450815
19771003
19791005
77585218
19790303
11335577
19910611
19910309
19910515
19910814
99010525
19910626
19800413
52015201
19790707
19921215
19781219
19780921
19780122
19800721
19800328
20062007
19771219
12345601
19800318
19810830
05130513
zhaozhen
mountain
brucelee
wbwwbwjj
huangyue
diaonima
dongjing
jiaoyang
xiaoxuan
xuanfeng
longquan
buxiaode
temptemp
lijiajia
yangchun
hellfire
scandisk
xiangwei
assassin
zhaojuan
tianwang
chengjun
zhaohong
changsha
sunupsun
zhuliang
xiaolizi
ilovejay
penghezi
chenjuan
woaishui
uuuuuuuu
magician
dingning
huangdan
jiangxue
liweiwei
zhangran
latitude
loveying
bb123456789
1111111a
qwer1988
77582581314258
fuckyou123
qlihaijun
jianghong
qazsedcft
niuniuniu
waitforme
zzzxxxccc
woshinide
hellobaby
wenwenwen
zhangshuo
hanhanhan
huanghuan
wuyulunbi
wangjiaqi
lelehappy
whywhywhy
wangyanan
fy123456
zd123456
112233445566778899
xiao2008
123456@@
zx5201314
zhu12345678
love1985
123456789+
ming1234
67890
j11111111
com1234567
love
jack123456
123456zw
dl123456
me123456
888999
520123
520530
101010
yan12345678
abcd1990
5123417782
9787802258
1357908642
1235812358
8888899999
1597534862
1234567898
4455667788
aaaaaaaa520
xw123456
1234567aa
qweasdzxc123
love1984
qwert123456
wodeshengri
goodmorning
WWWWWWWW
123456dd
ssw123456
jl123456
123456789asd
DEARBOOK123
s1314520
hf123456
xxx123456
2004
zz5201314
000123
134679
www12345
yb123456
zhang001
ch12345678
W12345678
q111111111
C123456789
hao12345678
love1990
woaini99
jkl123456
my12345678
o1234567
shen123456
210198468
689689689
106106106
423423423
610610610
111666888
121212121
910910910
784512963
712712712
654321321
169169169
825825825
521131421
110112110
123159147
555222000
622622622
151561614
713713713
275716438
913913913
617617617
131421521
258147369
123456790
228228228
hk123456
lijing123
super123
.123456789
qwer1989
11111111@
woaimeimei
wwwphylove
changchang
woaidandan
woaimaomao
xiaobaobao
chenshuang
wangwenjun
wsx5201314
yj12345678
hj12345678
liang1314
g11111111
369369
qazwsx1234
qq123123123
wei123456789
dx123456
asdf1988
qqq12345678
wangjun123
555555
13609582430
13420963514
13156976321
98765432100
13519145285
wq123456789
200920092009
339981339981
666666666666
159951159951
123465123465
wang2000
20088
yy11111111
zhou2008
wx12345678
shmilyshmily
xiaoqixiaoqi
kaixinjiuhao
baobeiwoaini
yongyuanaini
qweasdqweasd
he12345678
..........
aq123456
lijian123
321654
ifuckyou
american
tangyang
wangchun
shaoshao
shuangyu
chentong
huangwen
zhouling
jialiang
bigdaddy
zhengbin
zhangsen
bluestar
shenfeng
zhangmei
zhenghui
ghghghgh
yangxing
lengjing
kuangren
yuanquan
zhangbao
killkill
kokokoko
tianlang
goodtime
charming
yinhaibo
ainidewo
daohaode
aisinile
dongtian
zazazaza
aqswdefr
caroline
lengfeng
xiangyan
wordpass
xiaokeai
chairman
woaiqian
fengchen
jiaojian
woaifeng
aceracer
cxcxcxcx
pengjian
wantgirl
tongxing
caonimab
chengzhi
asdwasdw
cscscscs
opopopop
zhanzhan
longxing
scofield
shopping
victoria
woailili
123456kk
xiaozheng
zhangfang
junjunjun
lixiaoyao
zhangwang
webmaster
chenjiang
mashimaro
jiangping
loveangel
biohazard
lllllllll
5201314c
peng1234
123456dearbook
1234567z
hz123456
X123456789
zq12345678
dearbook77
daohaosiquanjia
dearbook11111111
f1234567
00003333
19780723
19931993
19800205
20131400
19780212
19910924
12365498
19910120
19810222
19810423
19781214
19820131
28118900
19800921
19911225
19751111
19781107
77764800
20041231
19741015
18931226
20100501
10260000
19831984
19790914
19771102
19800511
19771229
20021001
11131113
77589911
19910502
19910824
19910927
19911108
05210521
52013146
25836900
12457800
43211234
19751212
59496215
54605460
19800304
20081018
19910618
19800914
20091111
70459898
19800520
21000000
19761226
19780405
20081111
00270027
19910412
19921024
19810515
20080214
19771121
19790829
90378177
19790426
19911027
19790608
12345676
36242424
12345655
19910729
19791215
19834230
19780602
19770808
19872008
19910217
19780125
16816888
11011911
19761108
19791209
52052000
19770821
60606060
19910512
19911219
19910829
19790518
19791223
19790123
20081218
19770218
19800409
19761121
19910702
19761220
51392010
19790810
52071314
19781009
19800910
19751228
63658187
19771226
19771014
00001016
82172159
19910313
19910511
19911211
19780219
19910404
19810321
19780728
19800225
19790429
19751124
19771202
19781031
19790124
39393939
19800830
19771013
22002200
52152100
74185200
19900830
19800922
19921224
19780102
12304560
19910205
00101500
19790818
71717171
15201314
19770806
19780403
19770627
19801002
19760816
19790427
33221111
19791202
19921228
19921026
17889393
19911004
19911007
19911001
19800518
19790306
19790301
19800107
11223333
19761101
61286128
19800404
10314027
19800715
19780515
19790404
19921025
10081008
19810730
19950820
88509790
78901234
19771026
19771206
53535353
18283848
12345690
19751125
19910518
19780307
19800422
19790115
123123123q
zx11111111
tan123456
760206
12121
98001
13145
1234567890a
l123123123
xinshenghuo
wobugaosuni
wangshilong
p11111111
long2008
cy12345678
dearbook1982
killer123
123456zc
62510136251013
21725182172518
123456ai
asdf1989
hong123456
123456hh
hy123456789
lyh123456
lv123456
zhangyu123
qweqwe123
feng2008
!!!!!!!!
c1314520
QQ123456789
1231231234
0102662434
3065925521
0759125184
5820611321
1303021598
6535688653
4253078191
1236912369
0000000001
1220520025
7758520520
7483974536
9913051011
7539518426
fang1234
cq123456
tian1234
yin123456
5201314x
qwer123456789
AA12345678
zz11111111
8807701314520
1234567891011
ws123456789
aini1234
ying123456
abcd1983
l00000000
123456789li
135790
li123123
yang12345
12345678com
gf123456
hw123456
zxcvbnm1314
s123123123
123456zhu
ck123456
yang1986
wangyulong
huangjiaju
liguandong
jidewoaini
woaifeifei
zxcvbnmzxc
chuanchuan
intermilan
liuxiaohui
litingting
woaibaobei
haoxiangni
xiaofeixia
yishengkjc
xxxxxxxxxx
csdnxiazai
dearbook1111
lh12345678
bao123456
ly5201314
123456789qaz
min123456
wanghao123
sq123456
123456++
DEARBook
12345678ab
123456yan
gj123456
jx123456
qweasd1234
753951753
602602602
005201314
134134134
159632478
654321789
654321000
868686886
251328628
123456001
147258963
123456778
321123321
950918163
234569123
403403403
323237216
123987654
589632147
426426426
815424815
541236987
626626626
327327327
331788256
975888088
115115115
109109109
115201314
916916916
054444944
968968968
188188188
928928928
147258123
309309309
zzy123456
dream123
love1983
wh12345678
ht123456
liu1234567
7758521q
jingfeng
qiaokeli
inspiron
zhangxia
chenhang
blackcat
geminiiv
jfjfjfjf
wangxian
woainiyu
pengjing
snowwolf
asdfffff
creative
chenlili
qingyang
fayewong
lichuang
zhubajie
daohaosi
tangyuan
xiongjie
chuntian
xiaoyezi
yangyuan
kangaroo
yuanyang
hongying
zxcvbnmk
qweruiop
liangzai
chentian
bingling
loveting
haoliang
wangjini
fengqing
wertyuio
xiaolian
lianglei
ilovechu
illusion
yuanfeng
abababab
suyuyuan
fabregas
microlab
jianming
woaishei
woshimao
budebuai
blueblue
longwang
jerry123
song1314
52099
74521
12356
woyaonuli
chengyuan
robinhood
hurricane
doudoudou
zhongyuan
backspace
lijianhua
stephanie
asdqwezxc
youyouyou
hhhhhhhhh
christmas
zaqzaqzaq
linjunjie
kaikaikai
huangyuan
huanghong
lenovolenovo
zhuangzhuang
jianchidaodi
hai123456
jiang521
x1314520
wenwen123
336699
aa123456
allen123
wang2007
DearbOok
bj123456
gl123456
s00000000
qazxsw123456
meng1234
code1234
password1
123456ch
js123456
Y123456789
19897221989
19851987123
15890940173
123456hao
cheng1234
xq123456
1979
063306119860410
123456my
JINGJING
111222333444
521314521314
159357258456
147369147369
778899445566
310609010329
173871361988
810525810525
124578124578
458224032960
lijie123
fj123456
qqqq123456
a66666666
xb123456
123456yj
123456hj
q1415926
china520
apple520
asdf123456789
lx123456789
sy12345678
ms12345678
hs123456
zhang000
dearbook12345
zhangshuang
woyaokuaile
daohaozhesi
pp123456789
james123
1234567abc
ma123456789
LI123456
lll123456
123456789!@
123456qqq
z5211314
wl123456789
aaaaa123
1415926a
qq654321
wangxin123
19790106
19790905
19911228
19761128
19761024
19751029
19741225
19910409
19910415
19800717
10306699
19770217
19780919
23568900
19910701
20100701
19780421
77889944
20060101
19770926
33103310
19875353
19761122
19791227
00000012
19910914
10041004
19771210
19721120
44445555
19911114
19800427
19790102
19800111
19910622
19858888
52441314
13324124
19771201
00010001
19800224
88888889
19911125
45678912
19910712
19790627
11222211
19790807
19780225
19780608
19771227
19810128
19910416
19910718
19790305
19780502
19790126
19760315
19851234
19900331
20041029
77585201
19800629
19780324
20091130
19771111
19770413
19780625
19760918
19910225
19810512
15571000
19910321
19780911
19741127
72727272
19910619
19370707
19911102
19761222
19891234
19910627
20021225
19780411
20091225
19911221
19771977
01020102
10102020
19910109
19910428
19721226
19790211
19780316
19750315
19780410
19790527
19911227
19790104
19810831
12311111
19790125
22332233
19800913
19921014
12334566
19790609
19800514
19790919
19800303
19910306
19770206
19800204
19790709
19770910
19790531
19790616
19721005
19790506
19761227
19800121
19910601
58452122
19770106
55192062
20070707
19921028
16895678
19810122
19790726
20081105
19780303
84131420
12000000
19911111
19760922
19790701
19780920
19921029
19910526
19920314
19790717
19591959
19790210
19910901
19780208
19780615
33441314
19751127
19910513
19800714
19900531
19741120
19800602
19791207
19771230
19920212
52138988
78456123
13854335
19941010
19780425
19810322
19921017
19780126
20100601
19921226
86101010
19760828
88224646
19761228
19800410
19790322
19951013
19910516
19790729
41254125
11041104
19921123
19810113
19780206
19800903
19910724
88588858
19910530
88881111
19780802
19780504
66568521
19871988
19800411
22362236
19780806
19910304
19761123
84218421
19800504
19911105
71177117
77441100
27709358
19780815
19780826
19780803
20070701
19900330
19931015
19800314
19820331
19810131
20080501
19751201
20302030
51131420
11000000
19770925
19800917
19910312
19770527
00006666
19780805
19771017
123123aa
guozhilongalon
qwert1234
smile123
nokia123
123456wx
aaa1234567
123456he
iloveyou1
ac123456
qi123456
k11111111
2001
ling1234
huang2008
zhao2008
5201314y
121314
lzy123456
lxl123456
111111qq
123456zq
11111111l
t1234567
asd111111
jian1234
++++++++
com123123
dong1314
yq123456
c123123123
B123456789
24680
a123654789
tang1314
cj12345678
shang123
q147258369
yu5201314
33445213344521
11111111111111
abcabc123
liming123
2335072748
2008110110
1384385238
1234561234
3030256123
3216549870
3563565312
5201314888
5432154321
1234567889
8468501669
2143658709
5201314886
2233445566
5102102293
zxcvbnm0
cityhunter
woaiweiwei
schumacher
wangliping
lixiaofeng
benxiaohai
gundamseed
zhanghaibo
winxcwinxc
qiongqiong
fallinlove
glcaofirst
zxc12345
cw123456
ly11111111
lu12345678
hacker123
123456cy
dearbook20
cn123456789
q1314521
woaini001
lifeifei
shengjie
fengxiao
zhoufang
shuijiao
yuanpeng
liangbin
editedit
fangchao
chenquan
huangyun
bulibuqi
shitshit
leonardo
mysecret
jiangrui
allright
gedoujia
lingchen
haisheng
loveping
wangzhan
qweasdzx
zhoulong
tianjian
chenxuan
yueguang
ainiaini
zaqwsxcd
hermione
franklin
zhengtao
dongming
abanglin
qianlong
ugvnywpv
shaobing
yuanhang
woaiying
lovesnow
liwenjie
asdasdas
woaiyuan
iamagirl
squirrel
yangsong
goodgirl
poseidon
huangshi
fangzhou
shiqiang
lovepeng
sunnyboy
shaoyang
yanghang
jiangfei
liuxiong
ningjing
stronger
tianzhen
liangtao
lihaiyan
fengyang
lovejava
852456
E123456789
WOAINI123
mingliang
mmmmmmmmm
wangzhong
woailiwei
kkkkkkkkk
cambridge
nightmare
wangzhang
liuchuang
barcelona
raikkonen
woodstock
fengliang
liangying
chengyang
huangxiao
yangsheng
okmijnuhb
pengliang
sibarking
jiangjing
argentina
qweewqqwe
wangyifan
zhuzongji
quanyecha
shangwang
tianliang
ggggggggg
iyipihcox
changfeng
lizhigang
xiaozhong
klinsmann
mima123456
lc12345678
xiao2010
y1314520
abcde520
1dearbook
BUZHIDAO
abcd1982
1314521a
happy1314
ni123456
c00000000
11111111s
hp123456
198811
123456AA
Xiazhili
legendlegend
woaizhongguo
lovemeloveme
heilongjiang
09876
52100
51888
aaaaaaaa123456
xiao12345678
900900900
789632147
166166166
409409409
852456123
816816816
342696818
195852303
182764125
123369987
474538436
216568754
137137137
142753869
206206206
153153153
000000111
121212123
628628628
523698741
900324520
224224224
453237572
123459876
698898098
414414414
114010105
123456741
815815815
369147258
918273645
942129484
819793568
102030123
747322884
420420420
564335520
504504504
438951276
110120123
345345345
595207641
616616616
294828098
308308308
204204204
395472212
159487263
112113114
12345678yy
12345678-
1230
qwe1234567
as1234567
5201314b
asd1314520
i11111111
x123123123
q987654321
ym123456
123456lh
zheng520
m1234567
liujie123
doudou123
hui12345678
love1982
12345678..
tiancai123
wang2006
tt123456789
07717055048
15884871083
07753655127
13731053913
15027668495
15871718415
77158950625
05556872897
13077969916
05146120662
12345678liu
zhang1985
yongbuyanqi
ihaveadream
wangjianjun
deutschland
zhongnanhai
ln123456
dearbook33
abcd1111
0083
sd123456789
11111111abc
gu123456
liang521
12345678n
zhang321
123456wh
jy12345678
tianshi123
5201314e
dearbook2000
12345678zx
spring123
qazwsxedc1
COM123456
dai123456
kl123456
woaini1986
59421
xs123456
zhang1984
1314520qq
000000111111
158719890913
584521131436
168168168168
112233332211
123321123456
708325714123
666888666888
062102501232
yanyan123
er123456
chen1985
aa88888888
x00000000
Qqqqqqqq
wangyan123
lp12345678
zw123456789
